2025-06-17 21:55:39,746 - INFO - Drowsiness Detection System initialized
2025-06-17 21:55:39,746 - INFO - Starting drowsiness detection system...
2025-06-17 21:55:40,429 - INFO - Facial landmark predictor initialized
2025-06-17 21:55:45,854 - INFO - Camera initialized successfully
2025-06-17 21:55:56,512 - WARNING - Drowsiness detected! EAR: 0.182
2025-06-17 21:55:56,552 - WARNING - Drowsiness detected! EAR: 0.180
2025-06-17 21:55:56,588 - WARNING - Drowsiness detected! EAR: 0.180
2025-06-17 21:55:56,620 - WARNING - Could not play alarm sound: 
    Error 296 for command:
        open "alarm.wav" alias playsound_0.4381871936099442
    The specified file cannot be played on the specified MCI device.  The file may be corrupt, not in the correct format, or no file handler available for this format.
2025-06-17 21:55:56,629 - WARNING - Drowsiness detected! EAR: 0.179
2025-06-17 21:55:56,662 - WARNING - Drowsiness detected! EAR: 0.178
2025-06-17 21:55:56,694 - WARNING - Drowsiness detected! EAR: 0.177
2025-06-17 21:55:56,726 - WARNING - Drowsiness detected! EAR: 0.177
2025-06-17 21:55:56,757 - WARNING - Drowsiness detected! EAR: 0.176
2025-06-17 21:55:56,789 - WARNING - Drowsiness detected! EAR: 0.178
2025-06-17 21:55:56,822 - WARNING - Drowsiness detected! EAR: 0.180
2025-06-17 21:55:56,852 - WARNING - Drowsiness detected! EAR: 0.178
2025-06-17 21:55:56,887 - WARNING - Drowsiness detected! EAR: 0.176
2025-06-17 21:55:56,916 - WARNING - Drowsiness detected! EAR: 0.176
2025-06-17 21:55:56,948 - WARNING - Drowsiness detected! EAR: 0.175
2025-06-17 21:55:56,979 - WARNING - Drowsiness detected! EAR: 0.175
2025-06-17 21:55:57,011 - WARNING - Drowsiness detected! EAR: 0.176
2025-06-17 21:55:57,042 - WARNING - Drowsiness detected! EAR: 0.178
2025-06-17 21:55:57,074 - WARNING - Drowsiness detected! EAR: 0.179
2025-06-17 21:55:57,106 - WARNING - Drowsiness detected! EAR: 0.177
2025-06-17 21:55:57,136 - WARNING - Drowsiness detected! EAR: 0.178
2025-06-17 21:55:57,171 - WARNING - Drowsiness detected! EAR: 0.180
2025-06-17 21:55:57,213 - WARNING - Drowsiness detected! EAR: 0.183
2025-06-17 21:55:57,244 - WARNING - Drowsiness detected! EAR: 0.182
2025-06-17 21:55:57,278 - WARNING - Drowsiness detected! EAR: 0.184
2025-06-17 21:55:57,309 - WARNING - Drowsiness detected! EAR: 0.186
2025-06-17 21:55:57,342 - WARNING - Drowsiness detected! EAR: 0.185
2025-06-17 21:55:57,385 - WARNING - Drowsiness detected! EAR: 0.181
2025-06-17 21:55:57,416 - WARNING - Drowsiness detected! EAR: 0.178
2025-06-17 21:55:57,447 - WARNING - Drowsiness detected! EAR: 0.179
2025-06-17 21:55:57,479 - WARNING - Drowsiness detected! EAR: 0.177
2025-06-17 21:55:57,511 - WARNING - Drowsiness detected! EAR: 0.177
2025-06-17 21:55:57,542 - WARNING - Drowsiness detected! EAR: 0.174
2025-06-17 21:55:57,573 - WARNING - Drowsiness detected! EAR: 0.175
2025-06-17 21:55:57,607 - WARNING - Drowsiness detected! EAR: 0.173
2025-06-17 21:55:57,648 - WARNING - Drowsiness detected! EAR: 0.172
2025-06-17 21:55:57,680 - WARNING - Drowsiness detected! EAR: 0.173
2025-06-17 21:55:57,712 - WARNING - Drowsiness detected! EAR: 0.174
2025-06-17 21:55:57,742 - WARNING - Drowsiness detected! EAR: 0.177
2025-06-17 21:55:57,775 - WARNING - Drowsiness detected! EAR: 0.178
2025-06-17 21:55:57,805 - WARNING - Drowsiness detected! EAR: 0.176
2025-06-17 21:55:57,836 - WARNING - Drowsiness detected! EAR: 0.176
2025-06-17 21:55:57,865 - WARNING - Drowsiness detected! EAR: 0.178
2025-06-17 21:55:57,898 - WARNING - Drowsiness detected! EAR: 0.176
2025-06-17 21:55:57,927 - WARNING - Drowsiness detected! EAR: 0.173
2025-06-17 21:55:57,962 - WARNING - Drowsiness detected! EAR: 0.170
2025-06-17 21:55:57,992 - WARNING - Drowsiness detected! EAR: 0.168
2025-06-17 21:55:58,049 - WARNING - Drowsiness detected! EAR: 0.167
2025-06-17 21:55:58,085 - WARNING - Drowsiness detected! EAR: 0.165
2025-06-17 21:55:58,116 - WARNING - Drowsiness detected! EAR: 0.165
2025-06-17 21:55:58,148 - WARNING - Drowsiness detected! EAR: 0.163
2025-06-17 21:55:58,182 - WARNING - Drowsiness detected! EAR: 0.162
2025-06-17 21:55:58,213 - WARNING - Drowsiness detected! EAR: 0.161
2025-06-17 21:55:58,241 - WARNING - Drowsiness detected! EAR: 0.159
2025-06-17 21:55:58,276 - WARNING - Drowsiness detected! EAR: 0.160
2025-06-17 21:55:58,307 - WARNING - Drowsiness detected! EAR: 0.158
2025-06-17 21:55:58,337 - WARNING - Drowsiness detected! EAR: 0.155
2025-06-17 21:55:58,369 - WARNING - Drowsiness detected! EAR: 0.155
2025-06-17 21:55:58,402 - WARNING - Drowsiness detected! EAR: 0.152
2025-06-17 21:55:58,445 - WARNING - Drowsiness detected! EAR: 0.158
2025-06-17 21:55:58,478 - WARNING - Drowsiness detected! EAR: 0.171
2025-06-17 21:55:58,510 - WARNING - Drowsiness detected! EAR: 0.187
2025-06-17 21:55:58,540 - WARNING - Drowsiness detected! EAR: 0.201
2025-06-17 21:55:58,572 - WARNING - Drowsiness detected! EAR: 0.220
2025-06-17 21:55:58,602 - WARNING - Drowsiness detected! EAR: 0.237
2025-06-17 21:56:00,753 - WARNING - Drowsiness detected! EAR: 0.177
2025-06-17 21:56:00,772 - WARNING - Could not play alarm sound: 
    Error 296 for command:
        open "alarm.wav" alias playsound_0.410560585198411
    The specified file cannot be played on the specified MCI device.  The file may be corrupt, not in the correct format, or no file handler available for this format.
2025-06-17 21:56:00,799 - WARNING - Drowsiness detected! EAR: 0.177
2025-06-17 21:56:00,830 - WARNING - Drowsiness detected! EAR: 0.174
2025-06-17 21:56:00,865 - WARNING - Drowsiness detected! EAR: 0.173
2025-06-17 21:56:00,908 - WARNING - Drowsiness detected! EAR: 0.174
2025-06-17 21:56:00,938 - WARNING - Drowsiness detected! EAR: 0.175
2025-06-17 21:56:00,970 - WARNING - Drowsiness detected! EAR: 0.175
2025-06-17 21:56:01,000 - WARNING - Drowsiness detected! EAR: 0.175
2025-06-17 21:56:01,030 - WARNING - Drowsiness detected! EAR: 0.177
2025-06-17 21:56:01,064 - WARNING - Drowsiness detected! EAR: 0.177
2025-06-17 21:56:01,094 - WARNING - Drowsiness detected! EAR: 0.176
2025-06-17 21:56:01,124 - WARNING - Drowsiness detected! EAR: 0.175
2025-06-17 21:56:01,164 - WARNING - Drowsiness detected! EAR: 0.173
2025-06-17 21:56:01,205 - WARNING - Drowsiness detected! EAR: 0.176
2025-06-17 21:56:01,236 - WARNING - Drowsiness detected! EAR: 0.176
2025-06-17 21:56:01,266 - WARNING - Drowsiness detected! EAR: 0.175
2025-06-17 21:56:01,298 - WARNING - Drowsiness detected! EAR: 0.177
2025-06-17 21:56:01,330 - WARNING - Drowsiness detected! EAR: 0.178
2025-06-17 21:56:01,360 - WARNING - Drowsiness detected! EAR: 0.176
2025-06-17 21:56:01,392 - WARNING - Drowsiness detected! EAR: 0.180
2025-06-17 21:56:01,424 - WARNING - Drowsiness detected! EAR: 0.188
2025-06-17 21:56:01,457 - WARNING - Drowsiness detected! EAR: 0.205
2025-06-17 21:56:01,505 - WARNING - Drowsiness detected! EAR: 0.226
2025-06-17 21:56:01,548 - WARNING - Drowsiness detected! EAR: 0.244
2025-06-17 21:56:03,114 - WARNING - Drowsiness detected! EAR: 0.186
2025-06-17 21:56:03,135 - WARNING - Could not play alarm sound: 
    Error 296 for command:
        open "alarm.wav" alias playsound_0.4128064971776323
    The specified file cannot be played on the specified MCI device.  The file may be corrupt, not in the correct format, or no file handler available for this format.
2025-06-17 21:56:03,144 - WARNING - Drowsiness detected! EAR: 0.189
2025-06-17 21:56:03,177 - WARNING - Drowsiness detected! EAR: 0.191
2025-06-17 21:56:03,209 - WARNING - Drowsiness detected! EAR: 0.190
2025-06-17 21:56:03,239 - WARNING - Drowsiness detected! EAR: 0.197
2025-06-17 21:56:03,272 - WARNING - Drowsiness detected! EAR: 0.211
2025-06-17 21:56:03,302 - WARNING - Drowsiness detected! EAR: 0.224
2025-06-17 21:56:03,343 - WARNING - Drowsiness detected! EAR: 0.242
2025-06-17 21:56:07,578 - WARNING - Drowsiness detected! EAR: 0.214
2025-06-17 21:56:07,598 - WARNING - Could not play alarm sound: 
    Error 296 for command:
        open "alarm.wav" alias playsound_0.7746198430500624
    The specified file cannot be played on the specified MCI device.  The file may be corrupt, not in the correct format, or no file handler available for this format.
2025-06-17 21:56:07,610 - WARNING - Drowsiness detected! EAR: 0.209
2025-06-17 21:56:07,647 - WARNING - Drowsiness detected! EAR: 0.209
2025-06-17 21:56:07,687 - WARNING - Drowsiness detected! EAR: 0.208
2025-06-17 21:56:07,723 - WARNING - Drowsiness detected! EAR: 0.207
2025-06-17 21:56:07,751 - WARNING - Drowsiness detected! EAR: 0.204
2025-06-17 21:56:07,783 - WARNING - Drowsiness detected! EAR: 0.201
2025-06-17 21:56:07,816 - WARNING - Drowsiness detected! EAR: 0.203
2025-06-17 21:56:07,854 - WARNING - Drowsiness detected! EAR: 0.198
2025-06-17 21:56:07,893 - WARNING - Drowsiness detected! EAR: 0.200
2025-06-17 21:56:07,924 - WARNING - Drowsiness detected! EAR: 0.201
2025-06-17 21:56:07,957 - WARNING - Drowsiness detected! EAR: 0.203
2025-06-17 21:56:07,989 - WARNING - Drowsiness detected! EAR: 0.201
2025-06-17 21:56:08,019 - WARNING - Drowsiness detected! EAR: 0.202
2025-06-17 21:56:08,049 - WARNING - Drowsiness detected! EAR: 0.201
2025-06-17 21:56:08,083 - WARNING - Drowsiness detected! EAR: 0.202
2025-06-17 21:56:08,113 - WARNING - Drowsiness detected! EAR: 0.198
2025-06-17 21:56:08,144 - WARNING - Drowsiness detected! EAR: 0.195
2025-06-17 21:56:08,174 - WARNING - Drowsiness detected! EAR: 0.197
2025-06-17 21:56:08,215 - WARNING - Drowsiness detected! EAR: 0.196
2025-06-17 21:56:08,247 - WARNING - Drowsiness detected! EAR: 0.191
2025-06-17 21:56:08,278 - WARNING - Drowsiness detected! EAR: 0.185
2025-06-17 21:56:08,309 - WARNING - Drowsiness detected! EAR: 0.181
2025-06-17 21:56:08,345 - WARNING - Drowsiness detected! EAR: 0.176
2025-06-17 21:56:08,387 - WARNING - Drowsiness detected! EAR: 0.182
2025-06-17 21:56:08,419 - WARNING - Drowsiness detected! EAR: 0.194
2025-06-17 21:56:08,449 - WARNING - Drowsiness detected! EAR: 0.210
2025-06-17 21:56:08,481 - WARNING - Drowsiness detected! EAR: 0.227
2025-06-17 21:56:08,512 - WARNING - Drowsiness detected! EAR: 0.243
2025-06-17 21:56:29,451 - WARNING - Drowsiness detected! EAR: 0.207
2025-06-17 21:56:29,473 - WARNING - Could not play alarm sound: 
    Error 296 for command:
        open "alarm.wav" alias playsound_0.969130901401309
    The specified file cannot be played on the specified MCI device.  The file may be corrupt, not in the correct format, or no file handler available for this format.
2025-06-17 21:56:29,483 - WARNING - Drowsiness detected! EAR: 0.213
2025-06-17 21:56:29,514 - WARNING - Drowsiness detected! EAR: 0.216
2025-06-17 21:56:29,545 - WARNING - Drowsiness detected! EAR: 0.221
2025-06-17 21:56:29,577 - WARNING - Drowsiness detected! EAR: 0.223
2025-06-17 21:56:29,609 - WARNING - Drowsiness detected! EAR: 0.223
2025-06-17 21:56:29,641 - WARNING - Drowsiness detected! EAR: 0.226
2025-06-17 21:56:29,673 - WARNING - Drowsiness detected! EAR: 0.228
2025-06-17 21:56:29,710 - WARNING - Drowsiness detected! EAR: 0.228
2025-06-17 21:56:29,750 - WARNING - Drowsiness detected! EAR: 0.228
2025-06-17 21:56:29,781 - WARNING - Drowsiness detected! EAR: 0.231
2025-06-17 21:56:29,813 - WARNING - Drowsiness detected! EAR: 0.228
2025-06-17 21:56:29,844 - WARNING - Drowsiness detected! EAR: 0.231
2025-06-17 21:56:29,877 - WARNING - Drowsiness detected! EAR: 0.231
2025-06-17 21:56:29,906 - WARNING - Drowsiness detected! EAR: 0.233
2025-06-17 21:56:29,937 - WARNING - Drowsiness detected! EAR: 0.237
2025-06-17 21:56:29,969 - WARNING - Drowsiness detected! EAR: 0.237
2025-06-17 21:56:29,998 - WARNING - Drowsiness detected! EAR: 0.237
2025-06-17 21:56:30,030 - WARNING - Drowsiness detected! EAR: 0.240
2025-06-17 21:56:30,077 - WARNING - Drowsiness detected! EAR: 0.243
2025-06-17 21:56:30,111 - WARNING - Drowsiness detected! EAR: 0.245
2025-06-17 21:56:37,208 - WARNING - Drowsiness detected! EAR: 0.205
2025-06-17 21:56:37,229 - WARNING - Could not play alarm sound: 
    Error 296 for command:
        open "alarm.wav" alias playsound_0.8563971138892391
    The specified file cannot be played on the specified MCI device.  The file may be corrupt, not in the correct format, or no file handler available for this format.
2025-06-17 21:56:37,240 - WARNING - Drowsiness detected! EAR: 0.210
2025-06-17 21:56:37,272 - WARNING - Drowsiness detected! EAR: 0.213
2025-06-17 21:56:44,624 - WARNING - Drowsiness detected! EAR: 0.150
2025-06-17 21:56:44,644 - WARNING - Could not play alarm sound: 
    Error 296 for command:
        open "alarm.wav" alias playsound_0.5193850369471016
    The specified file cannot be played on the specified MCI device.  The file may be corrupt, not in the correct format, or no file handler available for this format.
2025-06-17 21:56:44,653 - WARNING - Drowsiness detected! EAR: 0.149
2025-06-17 21:56:44,686 - WARNING - Drowsiness detected! EAR: 0.151
2025-06-17 21:56:44,731 - WARNING - Drowsiness detected! EAR: 0.150
2025-06-17 21:56:44,766 - WARNING - Drowsiness detected! EAR: 0.150
2025-06-17 21:56:44,814 - WARNING - Drowsiness detected! EAR: 0.148
2025-06-17 21:56:44,859 - WARNING - Drowsiness detected! EAR: 0.150
2025-06-17 21:56:44,890 - WARNING - Drowsiness detected! EAR: 0.150
2025-06-17 21:56:44,919 - WARNING - Drowsiness detected! EAR: 0.151
2025-06-17 21:56:44,951 - WARNING - Drowsiness detected! EAR: 0.156
2025-06-17 21:56:44,983 - WARNING - Drowsiness detected! EAR: 0.159
2025-06-17 21:56:45,012 - WARNING - Drowsiness detected! EAR: 0.162
2025-06-17 21:56:45,049 - WARNING - Drowsiness detected! EAR: 0.161
2025-06-17 21:56:45,092 - WARNING - Drowsiness detected! EAR: 0.162
2025-06-17 21:56:45,123 - WARNING - Drowsiness detected! EAR: 0.161
2025-06-17 21:56:45,153 - WARNING - Drowsiness detected! EAR: 0.165
2025-06-17 21:56:45,185 - WARNING - Drowsiness detected! EAR: 0.163
2025-06-17 21:56:45,217 - WARNING - Drowsiness detected! EAR: 0.164
2025-06-17 21:56:45,249 - WARNING - Drowsiness detected! EAR: 0.165
2025-06-17 21:56:45,280 - WARNING - Drowsiness detected! EAR: 0.162
2025-06-17 21:56:45,311 - WARNING - Drowsiness detected! EAR: 0.162
2025-06-17 21:56:45,341 - WARNING - Drowsiness detected! EAR: 0.160
2025-06-17 21:56:45,370 - WARNING - Drowsiness detected! EAR: 0.162
2025-06-17 21:56:45,402 - WARNING - Drowsiness detected! EAR: 0.159
2025-06-17 21:56:45,436 - WARNING - Drowsiness detected! EAR: 0.161
2025-06-17 21:56:45,471 - WARNING - Drowsiness detected! EAR: 0.160
2025-06-17 21:56:45,514 - WARNING - Drowsiness detected! EAR: 0.160
2025-06-17 21:56:45,545 - WARNING - Drowsiness detected! EAR: 0.163
2025-06-17 21:56:45,578 - WARNING - Drowsiness detected! EAR: 0.163
2025-06-17 21:56:45,609 - WARNING - Drowsiness detected! EAR: 0.164
2025-06-17 21:56:45,639 - WARNING - Drowsiness detected! EAR: 0.161
2025-06-17 21:56:45,671 - WARNING - Drowsiness detected! EAR: 0.163
2025-06-17 21:56:45,701 - WARNING - Drowsiness detected! EAR: 0.162
2025-06-17 21:56:45,731 - WARNING - Drowsiness detected! EAR: 0.166
2025-06-17 21:56:45,762 - WARNING - Drowsiness detected! EAR: 0.172
2025-06-17 21:56:45,794 - WARNING - Drowsiness detected! EAR: 0.179
2025-06-17 21:56:45,839 - WARNING - Drowsiness detected! EAR: 0.190
2025-06-17 21:56:45,871 - WARNING - Drowsiness detected! EAR: 0.198
2025-06-17 21:56:45,903 - WARNING - Drowsiness detected! EAR: 0.212
2025-06-17 21:56:45,936 - WARNING - Drowsiness detected! EAR: 0.226
2025-06-17 21:56:45,965 - WARNING - Drowsiness detected! EAR: 0.245
2025-06-17 21:56:56,174 - WARNING - Drowsiness detected! EAR: 0.242
2025-06-17 21:56:56,193 - WARNING - Could not play alarm sound: 
    Error 296 for command:
        open "alarm.wav" alias playsound_0.13378404496242902
    The specified file cannot be played on the specified MCI device.  The file may be corrupt, not in the correct format, or no file handler available for this format.
2025-06-17 21:56:56,205 - WARNING - Drowsiness detected! EAR: 0.240
2025-06-17 21:56:56,251 - WARNING - Drowsiness detected! EAR: 0.233
2025-06-17 21:56:56,279 - WARNING - Drowsiness detected! EAR: 0.229
2025-06-17 21:56:56,311 - WARNING - Drowsiness detected! EAR: 0.223
2025-06-17 21:56:56,341 - WARNING - Drowsiness detected! EAR: 0.219
2025-06-17 21:56:56,373 - WARNING - Drowsiness detected! EAR: 0.220
2025-06-17 21:56:56,405 - WARNING - Drowsiness detected! EAR: 0.221
2025-06-17 21:56:56,436 - WARNING - Drowsiness detected! EAR: 0.224
2025-06-17 21:56:56,478 - WARNING - Drowsiness detected! EAR: 0.228
2025-06-17 21:56:56,516 - WARNING - Drowsiness detected! EAR: 0.232
2025-06-17 21:56:56,547 - WARNING - Drowsiness detected! EAR: 0.235
2025-06-17 21:56:56,579 - WARNING - Drowsiness detected! EAR: 0.242
2025-06-17 21:56:56,611 - WARNING - Drowsiness detected! EAR: 0.246
2025-06-17 21:56:57,597 - WARNING - Drowsiness detected! EAR: 0.186
2025-06-17 21:56:57,617 - WARNING - Could not play alarm sound: 
    Error 296 for command:
        open "alarm.wav" alias playsound_0.28430976872279023
    The specified file cannot be played on the specified MCI device.  The file may be corrupt, not in the correct format, or no file handler available for this format.
2025-06-17 21:56:57,656 - WARNING - Drowsiness detected! EAR: 0.195
2025-06-17 21:56:57,695 - WARNING - Drowsiness detected! EAR: 0.202
2025-06-17 21:56:57,736 - WARNING - Drowsiness detected! EAR: 0.213
2025-06-17 21:56:57,766 - WARNING - Drowsiness detected! EAR: 0.224
2025-06-17 21:56:57,800 - WARNING - Drowsiness detected! EAR: 0.236
2025-06-17 21:56:57,833 - WARNING - Drowsiness detected! EAR: 0.244
2025-06-17 21:56:59,274 - INFO - System interrupted by user
2025-06-17 21:56:59,657 - INFO - System shutdown complete
2025-06-17 22:05:06,601 - INFO - Drowsiness Detection System initialized
2025-06-17 22:05:06,601 - INFO - Starting drowsiness detection system...
2025-06-17 22:05:07,326 - INFO - Facial landmark predictor initialized
2025-06-17 22:05:11,804 - INFO - Camera initialized successfully
2025-06-17 22:05:14,335 - WARNING - Drowsiness detected! EAR: 0.186
2025-06-17 22:05:14,371 - WARNING - Drowsiness detected! EAR: 0.182
2025-06-17 22:05:14,417 - WARNING - Drowsiness detected! EAR: 0.177
2025-06-17 22:05:14,468 - WARNING - Drowsiness detected! EAR: 0.170
2025-06-17 22:05:14,518 - WARNING - Drowsiness detected! EAR: 0.166
2025-06-17 22:05:14,569 - WARNING - Drowsiness detected! EAR: 0.162
2025-06-17 22:05:14,616 - WARNING - Drowsiness detected! EAR: 0.155
2025-06-17 22:05:14,665 - WARNING - Drowsiness detected! EAR: 0.153
2025-06-17 22:05:14,712 - WARNING - Drowsiness detected! EAR: 0.153
2025-06-17 22:05:14,758 - WARNING - Drowsiness detected! EAR: 0.157
2025-06-17 22:05:14,809 - WARNING - Drowsiness detected! EAR: 0.152
2025-06-17 22:05:14,857 - WARNING - Drowsiness detected! EAR: 0.156
2025-06-17 22:05:14,906 - WARNING - Drowsiness detected! EAR: 0.159
2025-06-17 22:05:14,947 - WARNING - Drowsiness detected! EAR: 0.163
2025-06-17 22:05:15,001 - WARNING - Drowsiness detected! EAR: 0.167
2025-06-17 22:05:15,041 - WARNING - Drowsiness detected! EAR: 0.172
2025-06-17 22:05:15,072 - WARNING - Drowsiness detected! EAR: 0.175
2025-06-17 22:05:15,098 - WARNING - Drowsiness detected! EAR: 0.174
2025-06-17 22:05:15,131 - WARNING - Drowsiness detected! EAR: 0.176
2025-06-17 22:05:15,174 - WARNING - Drowsiness detected! EAR: 0.177
2025-06-17 22:05:15,206 - WARNING - Drowsiness detected! EAR: 0.180
2025-06-17 22:05:15,248 - WARNING - Drowsiness detected! EAR: 0.182
2025-06-17 22:05:15,297 - WARNING - Drowsiness detected! EAR: 0.183
2025-06-17 22:05:15,336 - WARNING - Drowsiness detected! EAR: 0.189
2025-06-17 22:05:15,385 - WARNING - Drowsiness detected! EAR: 0.199
2025-06-17 22:05:15,427 - WARNING - Drowsiness detected! EAR: 0.212
2025-06-17 22:05:15,466 - WARNING - Drowsiness detected! EAR: 0.230
2025-06-17 22:05:15,503 - WARNING - Drowsiness detected! EAR: 0.246
2025-06-17 22:05:17,544 - WARNING - Drowsiness detected! EAR: 0.247
2025-06-17 22:05:17,578 - WARNING - Drowsiness detected! EAR: 0.248
2025-06-17 22:05:17,626 - WARNING - Drowsiness detected! EAR: 0.235
2025-06-17 22:05:17,668 - WARNING - Drowsiness detected! EAR: 0.223
2025-06-17 22:05:17,715 - WARNING - Drowsiness detected! EAR: 0.215
2025-06-17 22:05:17,744 - WARNING - Drowsiness detected! EAR: 0.203
2025-06-17 22:05:17,779 - WARNING - Drowsiness detected! EAR: 0.197
2025-06-17 22:05:17,817 - WARNING - Drowsiness detected! EAR: 0.190
2025-06-17 22:05:17,854 - WARNING - Drowsiness detected! EAR: 0.183
2025-06-17 22:05:17,888 - WARNING - Drowsiness detected! EAR: 0.175
2025-06-17 22:05:17,918 - WARNING - Drowsiness detected! EAR: 0.171
2025-06-17 22:05:17,952 - WARNING - Drowsiness detected! EAR: 0.168
2025-06-17 22:05:17,986 - WARNING - Drowsiness detected! EAR: 0.175
2025-06-17 22:05:18,029 - WARNING - Drowsiness detected! EAR: 0.183
2025-06-17 22:05:18,059 - WARNING - Drowsiness detected! EAR: 0.187
2025-06-17 22:05:18,093 - WARNING - Drowsiness detected! EAR: 0.192
2025-06-17 22:05:18,125 - WARNING - Drowsiness detected! EAR: 0.192
2025-06-17 22:05:18,160 - WARNING - Drowsiness detected! EAR: 0.196
2025-06-17 22:05:18,193 - WARNING - Drowsiness detected! EAR: 0.194
2025-06-17 22:05:18,226 - WARNING - Drowsiness detected! EAR: 0.195
2025-06-17 22:05:18,269 - WARNING - Drowsiness detected! EAR: 0.195
2025-06-17 22:05:18,310 - WARNING - Drowsiness detected! EAR: 0.197
2025-06-17 22:05:18,338 - WARNING - Drowsiness detected! EAR: 0.203
2025-06-17 22:05:18,368 - WARNING - Drowsiness detected! EAR: 0.202
2025-06-17 22:05:18,400 - WARNING - Drowsiness detected! EAR: 0.203
2025-06-17 22:05:18,433 - WARNING - Drowsiness detected! EAR: 0.201
2025-06-17 22:05:18,468 - WARNING - Drowsiness detected! EAR: 0.206
2025-06-17 22:05:18,500 - WARNING - Drowsiness detected! EAR: 0.206
2025-06-17 22:05:18,533 - WARNING - Drowsiness detected! EAR: 0.212
2025-06-17 22:05:18,568 - WARNING - Drowsiness detected! EAR: 0.216
2025-06-17 22:05:18,599 - WARNING - Drowsiness detected! EAR: 0.215
2025-06-17 22:05:18,641 - WARNING - Drowsiness detected! EAR: 0.212
2025-06-17 22:05:18,678 - WARNING - Drowsiness detected! EAR: 0.210
2025-06-17 22:05:18,718 - WARNING - Drowsiness detected! EAR: 0.215
2025-06-17 22:05:18,750 - WARNING - Drowsiness detected! EAR: 0.215
2025-06-17 22:05:18,808 - WARNING - Drowsiness detected! EAR: 0.219
2025-06-17 22:05:18,855 - WARNING - Drowsiness detected! EAR: 0.216
2025-06-17 22:05:18,890 - WARNING - Drowsiness detected! EAR: 0.217
2025-06-17 22:05:18,928 - WARNING - Drowsiness detected! EAR: 0.217
2025-06-17 22:05:18,956 - WARNING - Drowsiness detected! EAR: 0.216
2025-06-17 22:05:18,991 - WARNING - Drowsiness detected! EAR: 0.217
2025-06-17 22:05:19,018 - WARNING - Drowsiness detected! EAR: 0.219
2025-06-17 22:05:19,049 - WARNING - Drowsiness detected! EAR: 0.219
2025-06-17 22:05:19,090 - WARNING - Drowsiness detected! EAR: 0.220
2025-06-17 22:05:19,138 - WARNING - Drowsiness detected! EAR: 0.222
2025-06-17 22:05:19,169 - WARNING - Drowsiness detected! EAR: 0.220
2025-06-17 22:05:19,200 - WARNING - Drowsiness detected! EAR: 0.221
2025-06-17 22:05:19,231 - WARNING - Drowsiness detected! EAR: 0.222
2025-06-17 22:05:19,265 - WARNING - Drowsiness detected! EAR: 0.220
2025-06-17 22:05:19,308 - WARNING - Drowsiness detected! EAR: 0.220
2025-06-17 22:05:19,339 - WARNING - Drowsiness detected! EAR: 0.221
2025-06-17 22:05:19,378 - WARNING - Drowsiness detected! EAR: 0.223
2025-06-17 22:05:19,415 - WARNING - Drowsiness detected! EAR: 0.222
2025-06-17 22:05:19,448 - WARNING - Drowsiness detected! EAR: 0.220
2025-06-17 22:05:19,481 - WARNING - Drowsiness detected! EAR: 0.219
2025-06-17 22:05:19,515 - WARNING - Drowsiness detected! EAR: 0.222
2025-06-17 22:05:19,548 - WARNING - Drowsiness detected! EAR: 0.223
2025-06-17 22:05:19,581 - WARNING - Drowsiness detected! EAR: 0.226
2025-06-17 22:05:19,615 - WARNING - Drowsiness detected! EAR: 0.227
2025-06-17 22:05:19,648 - WARNING - Drowsiness detected! EAR: 0.226
2025-06-17 22:05:19,681 - WARNING - Drowsiness detected! EAR: 0.227
2025-06-17 22:05:19,713 - WARNING - Drowsiness detected! EAR: 0.228
2025-06-17 22:05:19,748 - WARNING - Drowsiness detected! EAR: 0.232
2025-06-17 22:05:19,781 - WARNING - Drowsiness detected! EAR: 0.236
2025-06-17 22:05:19,817 - WARNING - Drowsiness detected! EAR: 0.237
2025-06-17 22:05:19,846 - WARNING - Drowsiness detected! EAR: 0.239
2025-06-17 22:05:19,890 - WARNING - Drowsiness detected! EAR: 0.239
2025-06-17 22:05:19,923 - WARNING - Drowsiness detected! EAR: 0.240
2025-06-17 22:05:19,955 - WARNING - Drowsiness detected! EAR: 0.243
2025-06-17 22:05:19,989 - WARNING - Drowsiness detected! EAR: 0.247
2025-06-17 22:05:20,023 - WARNING - Drowsiness detected! EAR: 0.247
2025-06-17 22:05:20,052 - WARNING - Drowsiness detected! EAR: 0.247
2025-06-17 22:05:20,103 - WARNING - Drowsiness detected! EAR: 0.249
2025-06-17 22:05:20,159 - WARNING - Drowsiness detected! EAR: 0.250
2025-06-17 22:05:21,880 - WARNING - Drowsiness detected! EAR: 0.237
2025-06-17 22:05:21,922 - WARNING - Drowsiness detected! EAR: 0.235
2025-06-17 22:05:21,958 - WARNING - Drowsiness detected! EAR: 0.234
2025-06-17 22:05:21,990 - WARNING - Drowsiness detected! EAR: 0.231
2025-06-17 22:05:22,030 - WARNING - Drowsiness detected! EAR: 0.228
2025-06-17 22:05:22,064 - WARNING - Drowsiness detected! EAR: 0.224
2025-06-17 22:05:22,096 - WARNING - Drowsiness detected! EAR: 0.221
2025-06-17 22:05:22,129 - WARNING - Drowsiness detected! EAR: 0.221
2025-06-17 22:05:22,162 - WARNING - Drowsiness detected! EAR: 0.218
2025-06-17 22:05:22,196 - WARNING - Drowsiness detected! EAR: 0.215
2025-06-17 22:05:22,229 - WARNING - Drowsiness detected! EAR: 0.213
2025-06-17 22:05:22,263 - WARNING - Drowsiness detected! EAR: 0.209
2025-06-17 22:05:22,298 - WARNING - Drowsiness detected! EAR: 0.205
2025-06-17 22:05:22,329 - WARNING - Drowsiness detected! EAR: 0.202
2025-06-17 22:05:22,363 - WARNING - Drowsiness detected! EAR: 0.201
2025-06-17 22:05:22,395 - WARNING - Drowsiness detected! EAR: 0.197
2025-06-17 22:05:22,431 - WARNING - Drowsiness detected! EAR: 0.194
2025-06-17 22:05:22,462 - WARNING - Drowsiness detected! EAR: 0.190
2025-06-17 22:05:22,495 - WARNING - Drowsiness detected! EAR: 0.189
2025-06-17 22:05:22,529 - WARNING - Drowsiness detected! EAR: 0.191
2025-06-17 22:05:22,575 - WARNING - Drowsiness detected! EAR: 0.192
2025-06-17 22:05:22,604 - WARNING - Drowsiness detected! EAR: 0.195
2025-06-17 22:05:22,646 - WARNING - Drowsiness detected! EAR: 0.196
2025-06-17 22:05:22,682 - WARNING - Drowsiness detected! EAR: 0.199
2025-06-17 22:05:22,713 - WARNING - Drowsiness detected! EAR: 0.197
2025-06-17 22:05:22,747 - WARNING - Drowsiness detected! EAR: 0.198
2025-06-17 22:05:22,779 - WARNING - Drowsiness detected! EAR: 0.196
2025-06-17 22:05:22,822 - WARNING - Drowsiness detected! EAR: 0.198
2025-06-17 22:05:22,853 - WARNING - Drowsiness detected! EAR: 0.198
2025-06-17 22:05:22,886 - WARNING - Drowsiness detected! EAR: 0.197
2025-06-17 22:05:22,918 - WARNING - Drowsiness detected! EAR: 0.198
2025-06-17 22:05:22,952 - WARNING - Drowsiness detected! EAR: 0.199
2025-06-17 22:05:22,986 - WARNING - Drowsiness detected! EAR: 0.201
2025-06-17 22:05:23,026 - WARNING - Drowsiness detected! EAR: 0.201
2025-06-17 22:05:23,078 - WARNING - Drowsiness detected! EAR: 0.201
2025-06-17 22:05:23,111 - WARNING - Drowsiness detected! EAR: 0.202
2025-06-17 22:05:23,160 - WARNING - Drowsiness detected! EAR: 0.205
2025-06-17 22:05:23,211 - WARNING - Drowsiness detected! EAR: 0.203
2025-06-17 22:05:23,260 - WARNING - Drowsiness detected! EAR: 0.201
2025-06-17 22:05:23,307 - WARNING - Drowsiness detected! EAR: 0.199
2025-06-17 22:05:23,347 - WARNING - Drowsiness detected! EAR: 0.196
2025-06-17 22:05:23,401 - WARNING - Drowsiness detected! EAR: 0.197
2025-06-17 22:05:23,443 - WARNING - Drowsiness detected! EAR: 0.195
2025-06-17 22:05:23,477 - WARNING - Drowsiness detected! EAR: 0.196
2025-06-17 22:05:23,511 - WARNING - Drowsiness detected! EAR: 0.197
2025-06-17 22:05:23,543 - WARNING - Drowsiness detected! EAR: 0.196
2025-06-17 22:05:23,585 - WARNING - Drowsiness detected! EAR: 0.196
2025-06-17 22:05:23,619 - WARNING - Drowsiness detected! EAR: 0.197
2025-06-17 22:05:23,662 - WARNING - Drowsiness detected! EAR: 0.189
2025-06-17 22:05:23,705 - WARNING - Drowsiness detected! EAR: 0.181
2025-06-17 22:05:23,742 - WARNING - Drowsiness detected! EAR: 0.174
2025-06-17 22:05:23,786 - WARNING - Drowsiness detected! EAR: 0.164
2025-06-17 22:05:23,817 - WARNING - Drowsiness detected! EAR: 0.155
2025-06-17 22:05:23,854 - WARNING - Drowsiness detected! EAR: 0.146
2025-06-17 22:05:23,895 - WARNING - Drowsiness detected! EAR: 0.139
2025-06-17 22:05:23,934 - WARNING - Drowsiness detected! EAR: 0.130
2025-06-17 22:05:23,990 - WARNING - Drowsiness detected! EAR: 0.123
2025-06-17 22:05:24,018 - WARNING - Drowsiness detected! EAR: 0.114
2025-06-17 22:05:24,061 - WARNING - Drowsiness detected! EAR: 0.118
2025-06-17 22:05:24,106 - WARNING - Drowsiness detected! EAR: 0.119
2025-06-17 22:05:24,144 - WARNING - Drowsiness detected! EAR: 0.123
2025-06-17 22:05:24,177 - WARNING - Drowsiness detected! EAR: 0.121
2025-06-17 22:05:24,210 - WARNING - Drowsiness detected! EAR: 0.121
2025-06-17 22:05:24,243 - WARNING - Drowsiness detected! EAR: 0.122
2025-06-17 22:05:24,276 - WARNING - Drowsiness detected! EAR: 0.127
2025-06-17 22:05:24,328 - WARNING - Drowsiness detected! EAR: 0.132
2025-06-17 22:05:24,369 - WARNING - Drowsiness detected! EAR: 0.138
2025-06-17 22:05:24,424 - WARNING - Drowsiness detected! EAR: 0.145
2025-06-17 22:05:24,467 - WARNING - Drowsiness detected! EAR: 0.149
2025-06-17 22:05:24,516 - WARNING - Drowsiness detected! EAR: 0.156
2025-06-17 22:05:24,569 - WARNING - Drowsiness detected! EAR: 0.160
2025-06-17 22:05:24,615 - WARNING - Drowsiness detected! EAR: 0.167
2025-06-17 22:05:24,663 - WARNING - Drowsiness detected! EAR: 0.175
2025-06-17 22:05:24,704 - WARNING - Drowsiness detected! EAR: 0.176
2025-06-17 22:05:24,734 - WARNING - Drowsiness detected! EAR: 0.178
2025-06-17 22:05:24,766 - WARNING - Drowsiness detected! EAR: 0.180
2025-06-17 22:05:24,814 - WARNING - Drowsiness detected! EAR: 0.186
2025-06-17 22:05:24,869 - WARNING - Drowsiness detected! EAR: 0.195
2025-06-17 22:05:24,921 - WARNING - Drowsiness detected! EAR: 0.201
2025-06-17 22:05:24,973 - WARNING - Drowsiness detected! EAR: 0.210
2025-06-17 22:05:25,017 - WARNING - Drowsiness detected! EAR: 0.223
2025-06-17 22:05:25,070 - WARNING - Drowsiness detected! EAR: 0.236
2025-06-17 22:05:25,120 - WARNING - Drowsiness detected! EAR: 0.248
2025-06-17 22:05:26,738 - WARNING - Drowsiness detected! EAR: 0.164
2025-06-17 22:05:26,773 - WARNING - Drowsiness detected! EAR: 0.165
2025-06-17 22:05:26,806 - WARNING - Drowsiness detected! EAR: 0.168
2025-06-17 22:05:26,860 - WARNING - Drowsiness detected! EAR: 0.163
2025-06-17 22:05:26,894 - WARNING - Drowsiness detected! EAR: 0.158
2025-06-17 22:05:26,928 - WARNING - Drowsiness detected! EAR: 0.155
2025-06-17 22:05:26,962 - WARNING - Drowsiness detected! EAR: 0.152
2025-06-17 22:05:26,989 - WARNING - Drowsiness detected! EAR: 0.152
2025-06-17 22:05:27,029 - WARNING - Drowsiness detected! EAR: 0.151
2025-06-17 22:05:27,076 - WARNING - Drowsiness detected! EAR: 0.146
2025-06-17 22:05:27,115 - WARNING - Drowsiness detected! EAR: 0.146
2025-06-17 22:05:27,155 - WARNING - Drowsiness detected! EAR: 0.143
2025-06-17 22:05:27,208 - WARNING - Drowsiness detected! EAR: 0.140
2025-06-17 22:05:27,245 - WARNING - Drowsiness detected! EAR: 0.144
2025-06-17 22:05:27,280 - WARNING - Drowsiness detected! EAR: 0.145
2025-06-17 22:05:27,329 - WARNING - Drowsiness detected! EAR: 0.141
2025-06-17 22:05:27,364 - WARNING - Drowsiness detected! EAR: 0.138
2025-06-17 22:05:27,405 - WARNING - Drowsiness detected! EAR: 0.132
2025-06-17 22:05:27,445 - WARNING - Drowsiness detected! EAR: 0.126
2025-06-17 22:05:27,495 - WARNING - Drowsiness detected! EAR: 0.124
2025-06-17 22:05:27,536 - WARNING - Drowsiness detected! EAR: 0.117
2025-06-17 22:05:27,593 - WARNING - Drowsiness detected! EAR: 0.112
2025-06-17 22:05:27,635 - WARNING - Drowsiness detected! EAR: 0.108
2025-06-17 22:05:27,678 - WARNING - Drowsiness detected! EAR: 0.102
2025-06-17 22:05:27,729 - WARNING - Drowsiness detected! EAR: 0.105
2025-06-17 22:05:27,781 - WARNING - Drowsiness detected! EAR: 0.110
2025-06-17 22:05:27,827 - WARNING - Drowsiness detected! EAR: 0.115
2025-06-17 22:05:27,880 - WARNING - Drowsiness detected! EAR: 0.126
2025-06-17 22:05:27,928 - WARNING - Drowsiness detected! EAR: 0.145
2025-06-17 22:05:27,982 - WARNING - Drowsiness detected! EAR: 0.171
2025-06-17 22:05:31,868 - WARNING - Drowsiness detected! EAR: 0.238
2025-06-17 22:05:31,904 - WARNING - Drowsiness detected! EAR: 0.244
2025-06-17 22:05:31,945 - WARNING - Drowsiness detected! EAR: 0.240
2025-06-17 22:05:31,994 - WARNING - Drowsiness detected! EAR: 0.229
2025-06-17 22:05:32,048 - WARNING - Drowsiness detected! EAR: 0.239
2025-06-17 22:05:32,085 - WARNING - Drowsiness detected! EAR: 0.234
2025-06-17 22:05:32,148 - WARNING - Drowsiness detected! EAR: 0.222
2025-06-17 22:05:32,185 - WARNING - Drowsiness detected! EAR: 0.207
2025-06-17 22:05:32,239 - WARNING - Drowsiness detected! EAR: 0.193
2025-06-17 22:05:32,288 - WARNING - Drowsiness detected! EAR: 0.184
2025-06-17 22:05:32,324 - WARNING - Drowsiness detected! EAR: 0.178
2025-06-17 22:05:32,378 - WARNING - Drowsiness detected! EAR: 0.169
2025-06-17 22:05:32,428 - WARNING - Drowsiness detected! EAR: 0.169
2025-06-17 22:05:32,484 - WARNING - Drowsiness detected! EAR: 0.170
2025-06-17 22:05:32,518 - WARNING - Drowsiness detected! EAR: 0.159
2025-06-17 22:05:32,560 - WARNING - Drowsiness detected! EAR: 0.160
2025-06-17 22:05:32,594 - WARNING - Drowsiness detected! EAR: 0.164
2025-06-17 22:05:32,634 - WARNING - Drowsiness detected! EAR: 0.163
2025-06-17 22:05:32,667 - WARNING - Drowsiness detected! EAR: 0.161
2025-06-17 22:05:32,703 - WARNING - Drowsiness detected! EAR: 0.160
2025-06-17 22:05:32,747 - WARNING - Drowsiness detected! EAR: 0.160
2025-06-17 22:05:32,784 - WARNING - Drowsiness detected! EAR: 0.159
2025-06-17 22:05:32,836 - WARNING - Drowsiness detected! EAR: 0.158
2025-06-17 22:05:32,868 - WARNING - Drowsiness detected! EAR: 0.155
2025-06-17 22:05:32,901 - WARNING - Drowsiness detected! EAR: 0.151
2025-06-17 22:05:32,943 - WARNING - Drowsiness detected! EAR: 0.151
2025-06-17 22:05:32,987 - WARNING - Drowsiness detected! EAR: 0.155
2025-06-17 22:05:33,034 - WARNING - Drowsiness detected! EAR: 0.158
2025-06-17 22:05:33,089 - WARNING - Drowsiness detected! EAR: 0.165
2025-06-17 22:05:33,125 - WARNING - Drowsiness detected! EAR: 0.177
2025-06-17 22:05:33,158 - WARNING - Drowsiness detected! EAR: 0.185
2025-06-17 22:05:33,206 - WARNING - Drowsiness detected! EAR: 0.199
2025-06-17 22:05:33,246 - WARNING - Drowsiness detected! EAR: 0.224
2025-06-17 22:05:33,286 - WARNING - Drowsiness detected! EAR: 0.241
2025-06-17 22:05:35,262 - WARNING - Drowsiness detected! EAR: 0.223
2025-06-17 22:05:35,296 - WARNING - Drowsiness detected! EAR: 0.234
2025-06-17 22:05:35,329 - WARNING - Drowsiness detected! EAR: 0.244
2025-06-17 22:05:36,923 - WARNING - Drowsiness detected! EAR: 0.137
2025-06-17 22:05:36,961 - WARNING - Drowsiness detected! EAR: 0.133
2025-06-17 22:05:36,993 - WARNING - Drowsiness detected! EAR: 0.124
2025-06-17 22:05:37,027 - WARNING - Drowsiness detected! EAR: 0.113
2025-06-17 22:05:37,079 - WARNING - Drowsiness detected! EAR: 0.106
2025-06-17 22:05:37,130 - WARNING - Drowsiness detected! EAR: 0.095
2025-06-17 22:05:37,175 - WARNING - Drowsiness detected! EAR: 0.090
2025-06-17 22:05:37,208 - WARNING - Drowsiness detected! EAR: 0.093
2025-06-17 22:05:37,242 - WARNING - Drowsiness detected! EAR: 0.092
2025-06-17 22:05:37,284 - WARNING - Drowsiness detected! EAR: 0.091
2025-06-17 22:05:37,327 - WARNING - Drowsiness detected! EAR: 0.093
2025-06-17 22:05:37,366 - WARNING - Drowsiness detected! EAR: 0.092
2025-06-17 22:05:37,413 - WARNING - Drowsiness detected! EAR: 0.098
2025-06-17 22:05:37,442 - WARNING - Drowsiness detected! EAR: 0.103
2025-06-17 22:05:37,487 - WARNING - Drowsiness detected! EAR: 0.109
2025-06-17 22:05:37,517 - WARNING - Drowsiness detected! EAR: 0.120
2025-06-17 22:05:37,559 - WARNING - Drowsiness detected! EAR: 0.125
2025-06-17 22:05:37,593 - WARNING - Drowsiness detected! EAR: 0.129
2025-06-17 22:05:37,627 - WARNING - Drowsiness detected! EAR: 0.132
2025-06-17 22:05:37,659 - WARNING - Drowsiness detected! EAR: 0.137
2025-06-17 22:05:37,692 - WARNING - Drowsiness detected! EAR: 0.140
2025-06-17 22:05:37,738 - WARNING - Drowsiness detected! EAR: 0.144
2025-06-17 22:05:37,787 - WARNING - Drowsiness detected! EAR: 0.145
2025-06-17 22:05:37,825 - WARNING - Drowsiness detected! EAR: 0.149
2025-06-17 22:05:37,883 - WARNING - Drowsiness detected! EAR: 0.148
2025-06-17 22:05:37,898 - INFO - System interrupted by user
2025-06-17 22:05:38,292 - INFO - System shutdown complete
2025-06-17 22:07:31,877 - INFO - Drowsiness Detection System initialized
2025-06-17 22:07:31,877 - INFO - Starting drowsiness detection system...
2025-06-17 22:07:32,569 - INFO - Facial landmark predictor initialized
2025-06-17 22:07:36,884 - INFO - Camera initialized successfully
2025-06-17 22:07:39,351 - WARNING - Drowsiness detected! EAR: 0.165
2025-06-17 22:07:39,389 - WARNING - Drowsiness detected! EAR: 0.166
2025-06-17 22:07:39,424 - WARNING - Drowsiness detected! EAR: 0.166
2025-06-17 22:07:39,456 - WARNING - Drowsiness detected! EAR: 0.163
2025-06-17 22:07:39,511 - WARNING - Drowsiness detected! EAR: 0.158
2025-06-17 22:07:39,541 - WARNING - Drowsiness detected! EAR: 0.155
2025-06-17 22:07:39,585 - WARNING - Drowsiness detected! EAR: 0.154
2025-06-17 22:07:39,615 - WARNING - Drowsiness detected! EAR: 0.154
2025-06-17 22:07:39,649 - WARNING - Drowsiness detected! EAR: 0.154
2025-06-17 22:07:39,685 - WARNING - Drowsiness detected! EAR: 0.151
2025-06-17 22:07:39,739 - WARNING - Drowsiness detected! EAR: 0.153
2025-06-17 22:07:39,787 - WARNING - Drowsiness detected! EAR: 0.151
2025-06-17 22:07:39,831 - WARNING - Drowsiness detected! EAR: 0.153
2025-06-17 22:07:39,883 - WARNING - Drowsiness detected! EAR: 0.154
2025-06-17 22:07:39,915 - WARNING - Drowsiness detected! EAR: 0.156
2025-06-17 22:07:39,949 - WARNING - Drowsiness detected! EAR: 0.157
2025-06-17 22:07:40,000 - WARNING - Drowsiness detected! EAR: 0.158
2025-06-17 22:07:40,031 - WARNING - Drowsiness detected! EAR: 0.156
2025-06-17 22:07:40,067 - WARNING - Drowsiness detected! EAR: 0.155
2025-06-17 22:07:40,097 - WARNING - Drowsiness detected! EAR: 0.156
2025-06-17 22:07:40,130 - WARNING - Drowsiness detected! EAR: 0.155
2025-06-17 22:07:40,187 - WARNING - Drowsiness detected! EAR: 0.152
2025-06-17 22:07:40,231 - WARNING - Drowsiness detected! EAR: 0.149
2025-06-17 22:07:40,272 - WARNING - Drowsiness detected! EAR: 0.149
2025-06-17 22:07:40,320 - WARNING - Drowsiness detected! EAR: 0.148
2025-06-17 22:07:40,363 - WARNING - Drowsiness detected! EAR: 0.147
2025-06-17 22:07:40,413 - WARNING - Drowsiness detected! EAR: 0.148
2025-06-17 22:07:40,463 - WARNING - Drowsiness detected! EAR: 0.149
2025-06-17 22:07:40,513 - WARNING - Drowsiness detected! EAR: 0.151
2025-06-17 22:07:40,565 - WARNING - Drowsiness detected! EAR: 0.152
2025-06-17 22:07:40,598 - WARNING - Drowsiness detected! EAR: 0.154
2025-06-17 22:07:40,627 - WARNING - Drowsiness detected! EAR: 0.157
2025-06-17 22:07:40,664 - WARNING - Drowsiness detected! EAR: 0.160
2025-06-17 22:07:40,704 - WARNING - Drowsiness detected! EAR: 0.162
2025-06-17 22:07:40,752 - WARNING - Drowsiness detected! EAR: 0.164
2025-06-17 22:07:40,791 - WARNING - Drowsiness detected! EAR: 0.165
2025-06-17 22:07:40,830 - WARNING - Drowsiness detected! EAR: 0.163
2025-06-17 22:07:40,873 - WARNING - Drowsiness detected! EAR: 0.163
2025-06-17 22:07:40,904 - WARNING - Drowsiness detected! EAR: 0.162
2025-06-17 22:07:40,937 - WARNING - Drowsiness detected! EAR: 0.163
2025-06-17 22:07:40,977 - WARNING - Drowsiness detected! EAR: 0.168
2025-06-17 22:07:41,019 - WARNING - Drowsiness detected! EAR: 0.180
2025-06-17 22:07:41,073 - WARNING - Drowsiness detected! EAR: 0.194
2025-06-17 22:07:41,104 - WARNING - Drowsiness detected! EAR: 0.211
2025-06-17 22:07:41,169 - WARNING - Drowsiness detected! EAR: 0.228
2025-06-17 22:07:41,204 - WARNING - Drowsiness detected! EAR: 0.243
2025-06-17 22:07:42,734 - WARNING - Drowsiness detected! EAR: 0.164
2025-06-17 22:07:42,772 - WARNING - Drowsiness detected! EAR: 0.165
2025-06-17 22:07:42,812 - WARNING - Drowsiness detected! EAR: 0.168
2025-06-17 22:07:42,852 - WARNING - Drowsiness detected! EAR: 0.169
2025-06-17 22:07:42,892 - WARNING - Drowsiness detected! EAR: 0.174
2025-06-17 22:07:42,927 - WARNING - Drowsiness detected! EAR: 0.182
2025-06-17 22:07:42,959 - WARNING - Drowsiness detected! EAR: 0.191
2025-06-17 22:07:43,000 - WARNING - Drowsiness detected! EAR: 0.203
2025-06-17 22:07:43,036 - WARNING - Drowsiness detected! EAR: 0.216
2025-06-17 22:07:43,067 - WARNING - Drowsiness detected! EAR: 0.230
2025-06-17 22:07:43,109 - WARNING - Drowsiness detected! EAR: 0.243
2025-06-17 22:07:44,655 - WARNING - Drowsiness detected! EAR: 0.164
2025-06-17 22:07:44,694 - WARNING - Drowsiness detected! EAR: 0.167
2025-06-17 22:07:44,739 - WARNING - Drowsiness detected! EAR: 0.173
2025-06-17 22:07:44,782 - INFO - System interrupted by user
2025-06-17 22:07:45,148 - INFO - System shutdown complete
2025-06-17 22:09:49,606 - INFO - Drowsiness Detection System initialized
2025-06-17 22:09:49,606 - INFO - Starting drowsiness detection system...
2025-06-17 22:09:50,439 - INFO - Facial landmark predictor initialized
2025-06-17 22:09:55,200 - INFO - Camera initialized successfully
2025-06-17 22:10:00,779 - WARNING - Drowsiness detected! EAR: 0.204
2025-06-17 22:10:00,829 - WARNING - Drowsiness detected! EAR: 0.202
2025-06-17 22:10:00,863 - WARNING - Drowsiness detected! EAR: 0.200
2025-06-17 22:10:00,904 - WARNING - Drowsiness detected! EAR: 0.203
2025-06-17 22:10:00,944 - WARNING - Drowsiness detected! EAR: 0.204
2025-06-17 22:10:00,979 - WARNING - Drowsiness detected! EAR: 0.204
2025-06-17 22:10:01,009 - WARNING - Drowsiness detected! EAR: 0.204
2025-06-17 22:10:01,050 - WARNING - Drowsiness detected! EAR: 0.204
2025-06-17 22:10:01,080 - WARNING - Drowsiness detected! EAR: 0.205
2025-06-17 22:10:01,116 - WARNING - Drowsiness detected! EAR: 0.203
2025-06-17 22:10:01,160 - WARNING - Drowsiness detected! EAR: 0.204
2025-06-17 22:10:01,191 - WARNING - Drowsiness detected! EAR: 0.209
2025-06-17 22:10:01,223 - WARNING - Drowsiness detected! EAR: 0.211
2025-06-17 22:10:01,262 - WARNING - Drowsiness detected! EAR: 0.211
2025-06-17 22:10:01,304 - WARNING - Drowsiness detected! EAR: 0.215
2025-06-17 22:10:01,342 - WARNING - Drowsiness detected! EAR: 0.217
2025-06-17 22:10:01,372 - WARNING - Drowsiness detected! EAR: 0.221
2025-06-17 22:10:01,415 - WARNING - Drowsiness detected! EAR: 0.228
2025-06-17 22:10:01,447 - WARNING - Drowsiness detected! EAR: 0.227
2025-06-17 22:10:01,483 - WARNING - Drowsiness detected! EAR: 0.237
2025-06-17 22:10:01,513 - WARNING - Drowsiness detected! EAR: 0.240
2025-06-17 22:10:01,558 - WARNING - Drowsiness detected! EAR: 0.237
2025-06-17 22:10:01,599 - WARNING - Drowsiness detected! EAR: 0.244
2025-06-17 22:10:01,632 - WARNING - Drowsiness detected! EAR: 0.247
2025-06-17 22:10:01,671 - WARNING - Drowsiness detected! EAR: 0.242
2025-06-17 22:10:01,713 - WARNING - Drowsiness detected! EAR: 0.241
2025-06-17 22:10:01,756 - WARNING - Drowsiness detected! EAR: 0.232
2025-06-17 22:10:01,796 - WARNING - Drowsiness detected! EAR: 0.226
2025-06-17 22:10:01,842 - WARNING - Drowsiness detected! EAR: 0.229
2025-06-17 22:10:01,881 - WARNING - Drowsiness detected! EAR: 0.225
2025-06-17 22:10:01,921 - WARNING - Drowsiness detected! EAR: 0.223
2025-06-17 22:10:01,954 - WARNING - Drowsiness detected! EAR: 0.229
2025-06-17 22:10:01,988 - WARNING - Drowsiness detected! EAR: 0.228
2025-06-17 22:10:02,020 - WARNING - Drowsiness detected! EAR: 0.227
2025-06-17 22:10:02,064 - WARNING - Drowsiness detected! EAR: 0.233
2025-06-17 22:10:02,106 - WARNING - Drowsiness detected! EAR: 0.237
2025-06-17 22:10:02,155 - WARNING - Drowsiness detected! EAR: 0.247
2025-06-17 22:10:17,623 - WARNING - Drowsiness detected! EAR: 0.210
2025-06-17 22:10:17,661 - WARNING - Drowsiness detected! EAR: 0.211
2025-06-17 22:10:17,695 - WARNING - Drowsiness detected! EAR: 0.212
2025-06-17 22:10:17,742 - WARNING - Drowsiness detected! EAR: 0.206
2025-06-17 22:10:17,775 - WARNING - Drowsiness detected! EAR: 0.201
2025-06-17 22:10:17,817 - WARNING - Drowsiness detected! EAR: 0.194
2025-06-17 22:10:17,848 - INFO - System interrupted by user
2025-06-17 22:10:18,239 - INFO - System shutdown complete
2025-06-17 22:17:38,526 - INFO - Drowsiness Detection System initialized
2025-06-17 22:17:38,527 - INFO - Starting drowsiness detection system...
2025-06-17 22:17:39,238 - INFO - Facial landmark predictor initialized
2025-06-17 22:17:43,883 - INFO - Camera initialized successfully
2025-06-17 22:17:45,281 - WARNING - Drowsiness detected! EAR: 0.235
2025-06-17 22:17:45,327 - WARNING - Drowsiness detected! EAR: 0.236
2025-06-17 22:17:45,376 - WARNING - Drowsiness detected! EAR: 0.238
2025-06-17 22:17:45,419 - WARNING - Drowsiness detected! EAR: 0.240
2025-06-17 22:17:45,466 - WARNING - Drowsiness detected! EAR: 0.244
2025-06-17 22:17:45,519 - WARNING - Drowsiness detected! EAR: 0.245
2025-06-17 22:17:45,557 - WARNING - Drowsiness detected! EAR: 0.245
2025-06-17 22:17:45,613 - WARNING - Drowsiness detected! EAR: 0.247
2025-06-17 22:17:46,920 - WARNING - Drowsiness detected! EAR: 0.185
2025-06-17 22:17:46,969 - WARNING - Drowsiness detected! EAR: 0.179
2025-06-17 22:17:47,012 - WARNING - Drowsiness detected! EAR: 0.176
2025-06-17 22:17:47,057 - WARNING - Drowsiness detected! EAR: 0.171
2025-06-17 22:17:47,092 - WARNING - Drowsiness detected! EAR: 0.164
2025-06-17 22:17:47,126 - WARNING - Drowsiness detected! EAR: 0.163
2025-06-17 22:17:47,171 - WARNING - Drowsiness detected! EAR: 0.156
2025-06-17 22:17:47,207 - WARNING - Drowsiness detected! EAR: 0.157
2025-06-17 22:17:47,246 - WARNING - Drowsiness detected! EAR: 0.167
2025-06-17 22:17:47,293 - WARNING - Drowsiness detected! EAR: 0.172
2025-06-17 22:17:47,332 - WARNING - Drowsiness detected! EAR: 0.186
2025-06-17 22:17:47,367 - WARNING - Drowsiness detected! EAR: 0.197
2025-06-17 22:17:47,402 - WARNING - Drowsiness detected! EAR: 0.202
2025-06-17 22:17:47,459 - WARNING - Drowsiness detected! EAR: 0.207
2025-06-17 22:17:47,515 - WARNING - Drowsiness detected! EAR: 0.209
2025-06-17 22:17:47,544 - WARNING - Drowsiness detected! EAR: 0.209
2025-06-17 22:17:47,586 - WARNING - Drowsiness detected! EAR: 0.210
2025-06-17 22:17:47,619 - WARNING - Drowsiness detected! EAR: 0.208
2025-06-17 22:17:47,661 - WARNING - Drowsiness detected! EAR: 0.203
2025-06-17 22:17:47,693 - WARNING - Drowsiness detected! EAR: 0.196
2025-06-17 22:17:47,737 - WARNING - Drowsiness detected! EAR: 0.191
2025-06-17 22:17:47,769 - WARNING - Drowsiness detected! EAR: 0.188
2025-06-17 22:17:47,800 - WARNING - Drowsiness detected! EAR: 0.186
2025-06-17 22:17:47,837 - WARNING - Drowsiness detected! EAR: 0.184
2025-06-17 22:17:47,868 - WARNING - Drowsiness detected! EAR: 0.186
2025-06-17 22:17:47,910 - WARNING - Drowsiness detected! EAR: 0.189
2025-06-17 22:17:47,945 - WARNING - Drowsiness detected! EAR: 0.194
2025-06-17 22:17:47,976 - WARNING - Drowsiness detected! EAR: 0.193
2025-06-17 22:17:48,010 - WARNING - Drowsiness detected! EAR: 0.199
2025-06-17 22:17:48,054 - WARNING - Drowsiness detected! EAR: 0.204
2025-06-17 22:17:48,103 - WARNING - Drowsiness detected! EAR: 0.202
2025-06-17 22:17:48,155 - WARNING - Drowsiness detected! EAR: 0.198
2025-06-17 22:17:48,184 - WARNING - Drowsiness detected! EAR: 0.199
2025-06-17 22:17:48,220 - WARNING - Drowsiness detected! EAR: 0.198
2025-06-17 22:17:48,250 - WARNING - Drowsiness detected! EAR: 0.199
2025-06-17 22:17:48,297 - WARNING - Drowsiness detected! EAR: 0.197
2025-06-17 22:17:48,354 - WARNING - Drowsiness detected! EAR: 0.196
2025-06-17 22:17:48,396 - WARNING - Drowsiness detected! EAR: 0.195
2025-06-17 22:17:48,433 - WARNING - Drowsiness detected! EAR: 0.190
2025-06-17 22:17:48,479 - WARNING - Drowsiness detected! EAR: 0.186
2025-06-17 22:17:48,518 - WARNING - Drowsiness detected! EAR: 0.187
2025-06-17 22:17:48,574 - WARNING - Drowsiness detected! EAR: 0.189
2025-06-17 22:17:48,608 - WARNING - Drowsiness detected! EAR: 0.189
2025-06-17 22:17:48,653 - WARNING - Drowsiness detected! EAR: 0.190
2025-06-17 22:17:48,683 - WARNING - Drowsiness detected! EAR: 0.197
2025-06-17 22:17:48,721 - WARNING - Drowsiness detected! EAR: 0.202
2025-06-17 22:17:48,761 - WARNING - Drowsiness detected! EAR: 0.210
2025-06-17 22:17:48,799 - WARNING - Drowsiness detected! EAR: 0.217
2025-06-17 22:17:48,845 - WARNING - Drowsiness detected! EAR: 0.226
2025-06-17 22:17:48,884 - WARNING - Drowsiness detected! EAR: 0.234
2025-06-17 22:17:48,926 - WARNING - Drowsiness detected! EAR: 0.238
2025-06-17 22:17:48,973 - WARNING - Drowsiness detected! EAR: 0.244
2025-06-17 22:17:49,018 - WARNING - Drowsiness detected! EAR: 0.249
2025-06-17 22:17:52,625 - WARNING - Drowsiness detected! EAR: 0.181
2025-06-17 22:17:52,660 - WARNING - Drowsiness detected! EAR: 0.174
2025-06-17 22:17:52,697 - WARNING - Drowsiness detected! EAR: 0.173
2025-06-17 22:17:52,729 - WARNING - Drowsiness detected! EAR: 0.172
2025-06-17 22:17:52,759 - WARNING - Drowsiness detected! EAR: 0.170
2025-06-17 22:17:52,812 - WARNING - Drowsiness detected! EAR: 0.170
2025-06-17 22:17:52,830 - WARNING - Drowsiness detected! EAR: 0.167
2025-06-17 22:17:52,869 - WARNING - Drowsiness detected! EAR: 0.165
2025-06-17 22:17:52,909 - WARNING - Drowsiness detected! EAR: 0.167
2025-06-17 22:17:52,941 - WARNING - Drowsiness detected! EAR: 0.166
2025-06-17 22:17:52,977 - WARNING - Drowsiness detected! EAR: 0.164
2025-06-17 22:17:53,009 - WARNING - Drowsiness detected! EAR: 0.163
2025-06-17 22:17:53,048 - WARNING - Drowsiness detected! EAR: 0.160
2025-06-17 22:17:53,087 - WARNING - Drowsiness detected! EAR: 0.160
2025-06-17 22:17:53,119 - WARNING - Drowsiness detected! EAR: 0.159
2025-06-17 22:17:53,162 - WARNING - Drowsiness detected! EAR: 0.161
2025-06-17 22:17:53,212 - WARNING - Drowsiness detected! EAR: 0.164
2025-06-17 22:17:53,256 - WARNING - Drowsiness detected! EAR: 0.167
2025-06-17 22:17:53,304 - WARNING - Drowsiness detected! EAR: 0.169
2025-06-17 22:17:53,344 - WARNING - Drowsiness detected! EAR: 0.172
2025-06-17 22:17:53,392 - WARNING - Drowsiness detected! EAR: 0.178
2025-06-17 22:17:53,436 - WARNING - Drowsiness detected! EAR: 0.185
2025-06-17 22:17:53,475 - WARNING - Drowsiness detected! EAR: 0.193
2025-06-17 22:17:53,516 - WARNING - Drowsiness detected! EAR: 0.201
2025-06-17 22:17:53,550 - WARNING - Drowsiness detected! EAR: 0.210
2025-06-17 22:17:53,595 - WARNING - Drowsiness detected! EAR: 0.217
2025-06-17 22:17:53,636 - WARNING - Drowsiness detected! EAR: 0.223
2025-06-17 22:17:53,686 - WARNING - Drowsiness detected! EAR: 0.231
2025-06-17 22:17:53,726 - WARNING - Drowsiness detected! EAR: 0.238
2025-06-17 22:17:53,766 - WARNING - Drowsiness detected! EAR: 0.246
2025-06-17 22:17:57,459 - WARNING - Drowsiness detected! EAR: 0.244
2025-06-17 22:17:57,497 - WARNING - Drowsiness detected! EAR: 0.246
2025-06-17 22:17:57,550 - WARNING - Drowsiness detected! EAR: 0.247
2025-06-17 22:17:57,588 - WARNING - Drowsiness detected! EAR: 0.246
2025-06-17 22:17:57,626 - WARNING - Drowsiness detected! EAR: 0.246
2025-06-17 22:17:57,670 - WARNING - Drowsiness detected! EAR: 0.249
2025-06-17 22:17:57,723 - WARNING - Drowsiness detected! EAR: 0.247
2025-06-17 22:17:57,765 - WARNING - Drowsiness detected! EAR: 0.247
2025-06-17 22:17:57,797 - WARNING - Drowsiness detected! EAR: 0.249
2025-06-17 22:18:00,054 - WARNING - Drowsiness detected! EAR: 0.225
2025-06-17 22:18:00,089 - WARNING - Drowsiness detected! EAR: 0.228
2025-06-17 22:18:00,121 - WARNING - Drowsiness detected! EAR: 0.227
2025-06-17 22:18:00,155 - WARNING - Drowsiness detected! EAR: 0.226
2025-06-17 22:18:00,195 - WARNING - Drowsiness detected! EAR: 0.225
2025-06-17 22:18:00,235 - WARNING - Drowsiness detected! EAR: 0.222
2025-06-17 22:18:00,290 - WARNING - Drowsiness detected! EAR: 0.221
2025-06-17 22:18:00,349 - WARNING - Drowsiness detected! EAR: 0.223
2025-06-17 22:18:00,387 - WARNING - Drowsiness detected! EAR: 0.221
2025-06-17 22:18:00,419 - WARNING - Drowsiness detected! EAR: 0.220
2025-06-17 22:18:00,463 - WARNING - Drowsiness detected! EAR: 0.222
2025-06-17 22:18:00,494 - WARNING - Drowsiness detected! EAR: 0.223
2025-06-17 22:18:00,539 - WARNING - Drowsiness detected! EAR: 0.229
2025-06-17 22:18:00,582 - WARNING - Drowsiness detected! EAR: 0.231
2025-06-17 22:18:00,631 - WARNING - Drowsiness detected! EAR: 0.233
2025-06-17 22:18:00,678 - WARNING - Drowsiness detected! EAR: 0.236
2025-06-17 22:18:00,714 - WARNING - Drowsiness detected! EAR: 0.238
2025-06-17 22:18:00,751 - WARNING - Drowsiness detected! EAR: 0.238
2025-06-17 22:18:00,786 - WARNING - Drowsiness detected! EAR: 0.240
2025-06-17 22:18:00,817 - WARNING - Drowsiness detected! EAR: 0.244
2025-06-17 22:18:00,851 - WARNING - Drowsiness detected! EAR: 0.244
2025-06-17 22:18:00,884 - WARNING - Drowsiness detected! EAR: 0.244
2025-06-17 22:18:00,917 - WARNING - Drowsiness detected! EAR: 0.240
2025-06-17 22:18:00,959 - WARNING - Drowsiness detected! EAR: 0.238
2025-06-17 22:18:01,006 - WARNING - Drowsiness detected! EAR: 0.236
2025-06-17 22:18:01,062 - WARNING - Drowsiness detected! EAR: 0.236
2025-06-17 22:18:01,111 - WARNING - Drowsiness detected! EAR: 0.234
2025-06-17 22:18:01,163 - WARNING - Drowsiness detected! EAR: 0.237
2025-06-17 22:18:01,220 - WARNING - Drowsiness detected! EAR: 0.238
2025-06-17 22:18:01,270 - WARNING - Drowsiness detected! EAR: 0.235
2025-06-17 22:18:01,321 - WARNING - Drowsiness detected! EAR: 0.233
2025-06-17 22:18:01,359 - WARNING - Drowsiness detected! EAR: 0.231
2025-06-17 22:18:01,399 - WARNING - Drowsiness detected! EAR: 0.231
2025-06-17 22:18:01,446 - WARNING - Drowsiness detected! EAR: 0.232
2025-06-17 22:18:01,486 - WARNING - Drowsiness detected! EAR: 0.232
2025-06-17 22:18:01,526 - WARNING - Drowsiness detected! EAR: 0.231
2025-06-17 22:18:01,568 - WARNING - Drowsiness detected! EAR: 0.231
2025-06-17 22:18:01,621 - WARNING - Drowsiness detected! EAR: 0.227
2025-06-17 22:18:01,667 - WARNING - Drowsiness detected! EAR: 0.224
2025-06-17 22:18:01,704 - WARNING - Drowsiness detected! EAR: 0.220
2025-06-17 22:18:01,744 - WARNING - Drowsiness detected! EAR: 0.219
2025-06-17 22:18:01,774 - WARNING - Drowsiness detected! EAR: 0.218
2025-06-17 22:18:01,807 - WARNING - Drowsiness detected! EAR: 0.217
2025-06-17 22:18:01,842 - WARNING - Drowsiness detected! EAR: 0.214
2025-06-17 22:18:01,890 - WARNING - Drowsiness detected! EAR: 0.212
2025-06-17 22:18:01,926 - WARNING - Drowsiness detected! EAR: 0.209
2025-06-17 22:18:01,965 - WARNING - Drowsiness detected! EAR: 0.208
2025-06-17 22:18:02,016 - WARNING - Drowsiness detected! EAR: 0.209
2025-06-17 22:18:02,064 - WARNING - Drowsiness detected! EAR: 0.208
2025-06-17 22:18:02,118 - WARNING - Drowsiness detected! EAR: 0.209
2025-06-17 22:18:02,147 - WARNING - Drowsiness detected! EAR: 0.210
2025-06-17 22:18:02,183 - WARNING - Drowsiness detected! EAR: 0.209
2025-06-17 22:18:02,228 - WARNING - Drowsiness detected! EAR: 0.207
2025-06-17 22:18:04,631 - WARNING - Drowsiness detected! EAR: 0.186
2025-06-17 22:18:04,667 - WARNING - Drowsiness detected! EAR: 0.179
2025-06-17 22:18:04,711 - WARNING - Drowsiness detected! EAR: 0.179
2025-06-17 22:18:05,489 - WARNING - Drowsiness detected! EAR: 0.197
2025-06-17 22:18:05,530 - WARNING - Drowsiness detected! EAR: 0.199
2025-06-17 22:18:05,577 - WARNING - Drowsiness detected! EAR: 0.201
2025-06-17 22:18:05,633 - WARNING - Drowsiness detected! EAR: 0.202
2025-06-17 22:18:05,677 - WARNING - Drowsiness detected! EAR: 0.205
2025-06-17 22:18:05,730 - WARNING - Drowsiness detected! EAR: 0.208
2025-06-17 22:18:05,769 - WARNING - Drowsiness detected! EAR: 0.209
2025-06-17 22:18:05,821 - WARNING - Drowsiness detected! EAR: 0.210
2025-06-17 22:18:05,873 - WARNING - Drowsiness detected! EAR: 0.210
2025-06-17 22:18:05,918 - WARNING - Drowsiness detected! EAR: 0.211
2025-06-17 22:18:05,966 - WARNING - Drowsiness detected! EAR: 0.212
2025-06-17 22:18:06,002 - WARNING - Drowsiness detected! EAR: 0.212
2025-06-17 22:18:06,043 - WARNING - Drowsiness detected! EAR: 0.213
2025-06-17 22:18:06,087 - WARNING - Drowsiness detected! EAR: 0.213
2025-06-17 22:18:06,126 - WARNING - Drowsiness detected! EAR: 0.213
2025-06-17 22:18:06,166 - WARNING - Drowsiness detected! EAR: 0.212
2025-06-17 22:18:06,202 - WARNING - Drowsiness detected! EAR: 0.209
2025-06-17 22:18:06,244 - WARNING - Drowsiness detected! EAR: 0.207
2025-06-17 22:18:06,288 - WARNING - Drowsiness detected! EAR: 0.207
2025-06-17 22:18:06,336 - WARNING - Drowsiness detected! EAR: 0.204
2025-06-17 22:18:06,375 - WARNING - Drowsiness detected! EAR: 0.200
2025-06-17 22:18:06,407 - WARNING - Drowsiness detected! EAR: 0.198
2025-06-17 22:18:06,449 - WARNING - Drowsiness detected! EAR: 0.195
2025-06-17 22:18:06,485 - WARNING - Drowsiness detected! EAR: 0.194
2025-06-17 22:18:06,514 - WARNING - Drowsiness detected! EAR: 0.195
2025-06-17 22:18:06,550 - WARNING - Drowsiness detected! EAR: 0.195
2025-06-17 22:18:06,582 - WARNING - Drowsiness detected! EAR: 0.193
2025-06-17 22:18:06,627 - WARNING - Drowsiness detected! EAR: 0.193
2025-06-17 22:18:06,657 - WARNING - Drowsiness detected! EAR: 0.195
2025-06-17 22:18:06,698 - WARNING - Drowsiness detected! EAR: 0.196
2025-06-17 22:18:06,733 - WARNING - Drowsiness detected! EAR: 0.199
2025-06-17 22:18:06,777 - WARNING - Drowsiness detected! EAR: 0.206
2025-06-17 22:18:06,817 - WARNING - Drowsiness detected! EAR: 0.207
2025-06-17 22:18:06,866 - WARNING - Drowsiness detected! EAR: 0.209
2025-06-17 22:18:06,909 - WARNING - Drowsiness detected! EAR: 0.207
2025-06-17 22:18:06,944 - WARNING - Drowsiness detected! EAR: 0.207
2025-06-17 22:18:06,982 - WARNING - Drowsiness detected! EAR: 0.210
2025-06-17 22:18:07,027 - WARNING - Drowsiness detected! EAR: 0.210
2025-06-17 22:18:07,055 - WARNING - Drowsiness detected! EAR: 0.211
2025-06-17 22:18:07,097 - WARNING - Drowsiness detected! EAR: 0.211
2025-06-17 22:18:07,130 - WARNING - Drowsiness detected! EAR: 0.212
2025-06-17 22:18:07,165 - WARNING - Drowsiness detected! EAR: 0.209
2025-06-17 22:18:07,207 - WARNING - Drowsiness detected! EAR: 0.210
2025-06-17 22:18:07,240 - WARNING - Drowsiness detected! EAR: 0.210
2025-06-17 22:18:07,277 - WARNING - Drowsiness detected! EAR: 0.213
2025-06-17 22:18:07,317 - WARNING - Drowsiness detected! EAR: 0.216
2025-06-17 22:18:07,349 - WARNING - Drowsiness detected! EAR: 0.216
2025-06-17 22:18:07,381 - WARNING - Drowsiness detected! EAR: 0.217
2025-06-17 22:18:07,419 - WARNING - Drowsiness detected! EAR: 0.213
2025-06-17 22:18:07,456 - WARNING - Drowsiness detected! EAR: 0.214
2025-06-17 22:18:07,501 - WARNING - Drowsiness detected! EAR: 0.212
2025-06-17 22:18:07,531 - WARNING - Drowsiness detected! EAR: 0.209
2025-06-17 22:18:07,563 - WARNING - Drowsiness detected! EAR: 0.207
2025-06-17 22:18:07,604 - WARNING - Drowsiness detected! EAR: 0.206
2025-06-17 22:18:07,657 - WARNING - Drowsiness detected! EAR: 0.203
2025-06-17 22:18:07,694 - WARNING - Drowsiness detected! EAR: 0.201
2025-06-17 22:18:07,753 - WARNING - Drowsiness detected! EAR: 0.200
2025-06-17 22:18:07,796 - WARNING - Drowsiness detected! EAR: 0.198
2025-06-17 22:18:07,838 - WARNING - Drowsiness detected! EAR: 0.198
2025-06-17 22:18:07,879 - WARNING - Drowsiness detected! EAR: 0.194
2025-06-17 22:18:07,930 - WARNING - Drowsiness detected! EAR: 0.191
2025-06-17 22:18:07,982 - WARNING - Drowsiness detected! EAR: 0.189
2025-06-17 22:18:08,028 - WARNING - Drowsiness detected! EAR: 0.187
2025-06-17 22:18:08,067 - WARNING - Drowsiness detected! EAR: 0.185
2025-06-17 22:18:08,119 - WARNING - Drowsiness detected! EAR: 0.185
2025-06-17 22:18:08,153 - INFO - System interrupted by user
2025-06-17 22:18:08,529 - INFO - System shutdown complete
2025-06-17 22:19:45,365 - INFO - Drowsiness Detection System initialized
2025-06-17 22:19:45,365 - INFO - Starting drowsiness detection system...
2025-06-17 22:19:46,087 - INFO - Facial landmark predictor initialized
2025-06-17 22:19:50,394 - INFO - Camera initialized successfully
2025-06-17 22:19:51,742 - WARNING - Drowsiness detected! EAR: 0.245
2025-06-17 22:19:52,975 - WARNING - Drowsiness detected! EAR: 0.196
2025-06-17 22:19:53,010 - WARNING - Drowsiness detected! EAR: 0.196
2025-06-17 22:19:53,049 - WARNING - Drowsiness detected! EAR: 0.195
2025-06-17 22:19:53,092 - WARNING - Drowsiness detected! EAR: 0.196
2025-06-17 22:19:53,131 - WARNING - Drowsiness detected! EAR: 0.195
2025-06-17 22:19:53,188 - WARNING - Drowsiness detected! EAR: 0.196
2025-06-17 22:19:53,239 - WARNING - Drowsiness detected! EAR: 0.198
2025-06-17 22:19:53,285 - WARNING - Drowsiness detected! EAR: 0.197
2025-06-17 22:19:53,322 - WARNING - Drowsiness detected! EAR: 0.196
2025-06-17 22:19:53,362 - WARNING - Drowsiness detected! EAR: 0.203
2025-06-17 22:19:53,425 - WARNING - Drowsiness detected! EAR: 0.215
2025-06-17 22:19:53,475 - WARNING - Drowsiness detected! EAR: 0.225
2025-06-17 22:19:53,503 - WARNING - Drowsiness detected! EAR: 0.236
2025-06-17 22:19:53,545 - WARNING - Drowsiness detected! EAR: 0.246
2025-06-17 22:19:54,573 - WARNING - Drowsiness detected! EAR: 0.210
2025-06-17 22:19:54,622 - WARNING - Drowsiness detected! EAR: 0.208
2025-06-17 22:19:54,653 - WARNING - Drowsiness detected! EAR: 0.205
2025-06-17 22:19:54,700 - WARNING - Drowsiness detected! EAR: 0.209
2025-06-17 22:19:54,743 - WARNING - Drowsiness detected! EAR: 0.215
2025-06-17 22:19:54,776 - WARNING - Drowsiness detected! EAR: 0.222
2025-06-17 22:19:54,818 - WARNING - Drowsiness detected! EAR: 0.226
2025-06-17 22:19:54,861 - WARNING - Drowsiness detected! EAR: 0.222
2025-06-17 22:19:54,902 - WARNING - Drowsiness detected! EAR: 0.218
2025-06-17 22:19:54,941 - WARNING - Drowsiness detected! EAR: 0.219
2025-06-17 22:19:54,977 - WARNING - Drowsiness detected! EAR: 0.221
2025-06-17 22:19:55,019 - WARNING - Drowsiness detected! EAR: 0.232
2025-06-17 22:19:55,049 - WARNING - Drowsiness detected! EAR: 0.244
2025-06-17 22:19:57,062 - WARNING - Drowsiness detected! EAR: 0.185
2025-06-17 22:19:57,102 - WARNING - Drowsiness detected! EAR: 0.190
2025-06-17 22:19:57,142 - WARNING - Drowsiness detected! EAR: 0.194
2025-06-17 22:19:57,183 - WARNING - Drowsiness detected! EAR: 0.195
2025-06-17 22:19:57,221 - WARNING - Drowsiness detected! EAR: 0.192
2025-06-17 22:19:57,255 - WARNING - Drowsiness detected! EAR: 0.191
2025-06-17 22:19:57,302 - WARNING - Drowsiness detected! EAR: 0.189
2025-06-17 22:19:57,338 - WARNING - Drowsiness detected! EAR: 0.185
2025-06-17 22:19:57,382 - WARNING - Drowsiness detected! EAR: 0.185
2025-06-17 22:19:57,428 - WARNING - Drowsiness detected! EAR: 0.187
2025-06-17 22:19:57,461 - WARNING - Drowsiness detected! EAR: 0.183
2025-06-17 22:19:57,500 - WARNING - Drowsiness detected! EAR: 0.182
2025-06-17 22:19:57,542 - WARNING - Drowsiness detected! EAR: 0.176
2025-06-17 22:19:57,582 - WARNING - Drowsiness detected! EAR: 0.178
2025-06-17 22:19:57,618 - WARNING - Drowsiness detected! EAR: 0.181
2025-06-17 22:19:57,663 - WARNING - Drowsiness detected! EAR: 0.180
2025-06-17 22:19:57,694 - WARNING - Drowsiness detected! EAR: 0.180
2025-06-17 22:19:57,751 - WARNING - Drowsiness detected! EAR: 0.184
2025-06-17 22:19:57,800 - WARNING - Drowsiness detected! EAR: 0.184
2025-06-17 22:19:57,850 - WARNING - Drowsiness detected! EAR: 0.184
2025-06-17 22:19:57,885 - WARNING - Drowsiness detected! EAR: 0.183
2025-06-17 22:19:57,921 - WARNING - Drowsiness detected! EAR: 0.181
2025-06-17 22:19:57,967 - WARNING - Drowsiness detected! EAR: 0.183
2025-06-17 22:19:58,005 - WARNING - Drowsiness detected! EAR: 0.180
2025-06-17 22:19:58,038 - WARNING - Drowsiness detected! EAR: 0.179
2025-06-17 22:19:58,078 - WARNING - Drowsiness detected! EAR: 0.186
2025-06-17 22:19:58,120 - WARNING - Drowsiness detected! EAR: 0.195
2025-06-17 22:19:58,165 - WARNING - Drowsiness detected! EAR: 0.207
2025-06-17 22:19:58,216 - WARNING - Drowsiness detected! EAR: 0.220
2025-06-17 22:19:58,253 - WARNING - Drowsiness detected! EAR: 0.232
2025-06-17 22:19:58,302 - WARNING - Drowsiness detected! EAR: 0.241
2025-06-17 22:20:11,546 - WARNING - Drowsiness detected! EAR: 0.239
2025-06-17 22:20:11,588 - WARNING - Drowsiness detected! EAR: 0.235
2025-06-17 22:20:11,617 - WARNING - Drowsiness detected! EAR: 0.232
2025-06-17 22:20:11,664 - WARNING - Drowsiness detected! EAR: 0.238
2025-06-17 22:20:11,714 - WARNING - Drowsiness detected! EAR: 0.240
2025-06-17 22:20:11,745 - WARNING - Drowsiness detected! EAR: 0.246
2025-06-17 22:20:18,141 - INFO - System interrupted by user
2025-06-17 22:20:18,521 - INFO - System shutdown complete
2025-06-17 22:21:37,972 - INFO - Drowsiness Detection System initialized
2025-06-17 22:21:37,972 - INFO - Starting drowsiness detection system...
2025-06-17 22:21:38,634 - INFO - Facial landmark predictor initialized
2025-06-17 22:21:43,056 - INFO - Camera initialized successfully
2025-06-17 22:22:02,680 - WARNING - Drowsiness detected! EAR: 0.186
2025-06-17 22:22:02,715 - WARNING - Drowsiness detected! EAR: 0.197
2025-06-17 22:22:02,756 - WARNING - Drowsiness detected! EAR: 0.209
2025-06-17 22:22:02,797 - WARNING - Drowsiness detected! EAR: 0.219
2025-06-17 22:22:02,847 - WARNING - Drowsiness detected! EAR: 0.230
2025-06-17 22:22:02,878 - WARNING - Drowsiness detected! EAR: 0.241
2025-06-17 22:22:08,043 - WARNING - Drowsiness detected! EAR: 0.149
2025-06-17 22:22:08,090 - WARNING - Drowsiness detected! EAR: 0.149
2025-06-17 22:22:08,142 - WARNING - Drowsiness detected! EAR: 0.154
2025-06-17 22:22:08,192 - WARNING - Drowsiness detected! EAR: 0.159
2025-06-17 22:22:08,224 - WARNING - Drowsiness detected! EAR: 0.167
2025-06-17 22:22:08,275 - WARNING - Drowsiness detected! EAR: 0.180
2025-06-17 22:22:08,310 - WARNING - Drowsiness detected! EAR: 0.193
2025-06-17 22:22:08,341 - WARNING - Drowsiness detected! EAR: 0.205
2025-06-17 22:22:08,383 - WARNING - Drowsiness detected! EAR: 0.221
2025-06-17 22:22:08,417 - WARNING - Drowsiness detected! EAR: 0.236
2025-06-17 22:22:08,451 - WARNING - Drowsiness detected! EAR: 0.246
2025-06-17 22:22:28,805 - WARNING - Drowsiness detected! EAR: 0.172
2025-06-17 22:22:28,841 - WARNING - Drowsiness detected! EAR: 0.178
2025-06-17 22:22:28,888 - WARNING - Drowsiness detected! EAR: 0.186
2025-06-17 22:22:28,923 - WARNING - Drowsiness detected! EAR: 0.195
2025-06-17 22:22:28,974 - WARNING - Drowsiness detected! EAR: 0.207
2025-06-17 22:22:29,025 - WARNING - Drowsiness detected! EAR: 0.216
2025-06-17 22:22:29,054 - WARNING - Drowsiness detected! EAR: 0.226
2025-06-17 22:22:29,099 - WARNING - Drowsiness detected! EAR: 0.235
2025-06-17 22:22:29,147 - WARNING - Drowsiness detected! EAR: 0.245
2025-06-17 22:22:32,051 - INFO - System interrupted by user
2025-06-17 22:22:32,417 - INFO - System shutdown complete
2025-06-17 22:23:19,615 - INFO - Drowsiness Detection System initialized
2025-06-17 22:23:19,621 - INFO - Starting drowsiness detection system...
2025-06-17 22:23:20,379 - INFO - Facial landmark predictor initialized
2025-06-17 22:23:24,732 - INFO - Camera initialized successfully
2025-06-17 22:23:28,411 - WARNING - Drowsiness detected! EAR: 0.146
2025-06-17 22:23:28,455 - WARNING - Drowsiness detected! EAR: 0.146
2025-06-17 22:23:28,504 - WARNING - Drowsiness detected! EAR: 0.146
2025-06-17 22:23:28,540 - WARNING - Drowsiness detected! EAR: 0.148
2025-06-17 22:23:28,570 - WARNING - Drowsiness detected! EAR: 0.154
2025-06-17 22:23:28,609 - WARNING - Drowsiness detected! EAR: 0.159
2025-06-17 22:23:28,641 - WARNING - Drowsiness detected! EAR: 0.168
2025-06-17 22:23:28,671 - WARNING - Drowsiness detected! EAR: 0.178
2025-06-17 22:23:28,720 - WARNING - Drowsiness detected! EAR: 0.187
2025-06-17 22:23:28,760 - WARNING - Drowsiness detected! EAR: 0.196
2025-06-17 22:23:28,810 - WARNING - Drowsiness detected! EAR: 0.209
2025-06-17 22:23:28,854 - WARNING - Drowsiness detected! EAR: 0.223
2025-06-17 22:23:28,881 - WARNING - Drowsiness detected! EAR: 0.237
2025-06-17 22:23:28,924 - WARNING - Drowsiness detected! EAR: 0.247
2025-06-17 22:23:30,780 - WARNING - Drowsiness detected! EAR: 0.148
2025-06-17 22:23:30,827 - WARNING - Drowsiness detected! EAR: 0.146
2025-06-17 22:23:30,869 - WARNING - Drowsiness detected! EAR: 0.145
2025-06-17 22:23:30,910 - WARNING - Drowsiness detected! EAR: 0.145
2025-06-17 22:23:30,952 - WARNING - Drowsiness detected! EAR: 0.144
2025-06-17 22:23:30,984 - WARNING - Drowsiness detected! EAR: 0.145
2025-06-17 22:23:31,026 - WARNING - Drowsiness detected! EAR: 0.148
2025-06-17 22:23:31,069 - WARNING - Drowsiness detected! EAR: 0.151
2025-06-17 22:23:31,109 - WARNING - Drowsiness detected! EAR: 0.158
2025-06-17 22:23:31,154 - WARNING - Drowsiness detected! EAR: 0.168
2025-06-17 22:23:31,197 - WARNING - Drowsiness detected! EAR: 0.177
2025-06-17 22:23:31,244 - WARNING - Drowsiness detected! EAR: 0.189
2025-06-17 22:23:31,279 - WARNING - Drowsiness detected! EAR: 0.202
2025-06-17 22:23:31,334 - WARNING - Drowsiness detected! EAR: 0.215
2025-06-17 22:23:31,382 - WARNING - Drowsiness detected! EAR: 0.229
2025-06-17 22:23:31,432 - WARNING - Drowsiness detected! EAR: 0.240
2025-06-17 22:23:31,481 - WARNING - Drowsiness detected! EAR: 0.250
2025-06-17 22:23:34,667 - INFO - System interrupted by user
2025-06-17 22:23:35,034 - INFO - System shutdown complete
2025-06-17 22:26:02,725 - INFO - Drowsiness Detection System initialized
2025-06-17 22:26:02,725 - INFO - Starting drowsiness detection system...
2025-06-17 22:26:03,421 - INFO - Facial landmark predictor initialized
2025-06-17 22:26:07,517 - INFO - Camera initialized successfully
2025-06-17 22:26:45,079 - WARNING - Drowsiness detected! EAR: 0.216
2025-06-17 22:26:45,118 - WARNING - Drowsiness detected! EAR: 0.215
2025-06-17 22:26:45,162 - WARNING - Drowsiness detected! EAR: 0.210
2025-06-17 22:26:45,210 - WARNING - Drowsiness detected! EAR: 0.207
2025-06-17 22:26:45,262 - WARNING - Drowsiness detected! EAR: 0.207
2025-06-17 22:26:45,314 - WARNING - Drowsiness detected! EAR: 0.207
2025-06-17 22:26:45,360 - WARNING - Drowsiness detected! EAR: 0.205
2025-06-17 22:26:45,413 - WARNING - Drowsiness detected! EAR: 0.196
2025-06-17 22:26:45,459 - WARNING - Drowsiness detected! EAR: 0.204
2025-06-17 22:26:45,493 - WARNING - Drowsiness detected! EAR: 0.206
2025-06-17 22:26:45,549 - WARNING - Drowsiness detected! EAR: 0.211
2025-06-17 22:26:45,592 - WARNING - Drowsiness detected! EAR: 0.215
2025-06-17 22:26:45,641 - WARNING - Drowsiness detected! EAR: 0.224
2025-06-17 22:26:45,685 - WARNING - Drowsiness detected! EAR: 0.233
2025-06-17 22:26:45,717 - WARNING - Drowsiness detected! EAR: 0.234
2025-06-17 22:26:45,756 - WARNING - Drowsiness detected! EAR: 0.238
2025-06-17 22:26:45,804 - WARNING - Drowsiness detected! EAR: 0.240
2025-06-17 22:26:46,554 - WARNING - Drowsiness detected! EAR: 0.232
2025-06-17 22:26:46,584 - WARNING - Drowsiness detected! EAR: 0.228
2025-06-17 22:26:46,622 - WARNING - Drowsiness detected! EAR: 0.231
2025-06-17 22:26:46,658 - WARNING - Drowsiness detected! EAR: 0.222
2025-06-17 22:26:46,691 - WARNING - Drowsiness detected! EAR: 0.216
2025-06-17 22:26:46,733 - WARNING - Drowsiness detected! EAR: 0.209
2025-06-17 22:26:46,766 - WARNING - Drowsiness detected! EAR: 0.207
2025-06-17 22:26:46,796 - WARNING - Drowsiness detected! EAR: 0.208
2025-06-17 22:26:46,844 - WARNING - Drowsiness detected! EAR: 0.201
2025-06-17 22:26:46,890 - WARNING - Drowsiness detected! EAR: 0.192
2025-06-17 22:26:46,923 - WARNING - Drowsiness detected! EAR: 0.192
2025-06-17 22:26:46,966 - WARNING - Drowsiness detected! EAR: 0.199
2025-06-17 22:26:46,998 - WARNING - Drowsiness detected! EAR: 0.199
2025-06-17 22:26:47,024 - WARNING - Drowsiness detected! EAR: 0.202
2025-06-17 22:26:47,083 - WARNING - Drowsiness detected! EAR: 0.204
2025-06-17 22:26:47,123 - WARNING - Drowsiness detected! EAR: 0.212
2025-06-17 22:26:47,155 - WARNING - Drowsiness detected! EAR: 0.215
2025-06-17 22:26:47,202 - WARNING - Drowsiness detected! EAR: 0.212
2025-06-17 22:26:47,245 - WARNING - Drowsiness detected! EAR: 0.218
2025-06-17 22:26:47,293 - WARNING - Drowsiness detected! EAR: 0.220
2025-06-17 22:26:47,330 - WARNING - Drowsiness detected! EAR: 0.216
2025-06-17 22:26:47,371 - WARNING - Drowsiness detected! EAR: 0.207
2025-06-17 22:26:47,405 - WARNING - Drowsiness detected! EAR: 0.201
2025-06-17 22:26:47,454 - WARNING - Drowsiness detected! EAR: 0.199
2025-06-17 22:26:47,501 - WARNING - Drowsiness detected! EAR: 0.199
2025-06-17 22:26:47,530 - WARNING - Drowsiness detected! EAR: 0.194
2025-06-17 22:26:47,565 - WARNING - Drowsiness detected! EAR: 0.192
2025-06-17 22:26:47,615 - WARNING - Drowsiness detected! EAR: 0.184
2025-06-17 22:26:47,653 - WARNING - Drowsiness detected! EAR: 0.176
2025-06-17 22:26:47,701 - WARNING - Drowsiness detected! EAR: 0.171
2025-06-17 22:26:51,633 - WARNING - Drowsiness detected! EAR: 0.214
2025-06-17 22:26:51,664 - WARNING - Drowsiness detected! EAR: 0.210
2025-06-17 22:26:51,698 - WARNING - Drowsiness detected! EAR: 0.206
2025-06-17 22:26:51,740 - WARNING - Drowsiness detected! EAR: 0.205
2025-06-17 22:26:51,773 - WARNING - Drowsiness detected! EAR: 0.203
2025-06-17 22:26:51,816 - WARNING - Drowsiness detected! EAR: 0.202
2025-06-17 22:26:51,847 - WARNING - Drowsiness detected! EAR: 0.204
2025-06-17 22:26:51,881 - WARNING - Drowsiness detected! EAR: 0.204
2025-06-17 22:26:51,914 - WARNING - Drowsiness detected! EAR: 0.204
2025-06-17 22:26:51,946 - WARNING - Drowsiness detected! EAR: 0.206
2025-06-17 22:26:51,988 - WARNING - Drowsiness detected! EAR: 0.207
2025-06-17 22:26:52,022 - WARNING - Drowsiness detected! EAR: 0.206
2025-06-17 22:26:52,055 - WARNING - Drowsiness detected! EAR: 0.204
2025-06-17 22:26:52,099 - WARNING - Drowsiness detected! EAR: 0.203
2025-06-17 22:26:52,138 - WARNING - Drowsiness detected! EAR: 0.203
2025-06-17 22:26:52,180 - WARNING - Drowsiness detected! EAR: 0.202
2025-06-17 22:26:52,214 - WARNING - Drowsiness detected! EAR: 0.199
2025-06-17 22:26:52,255 - WARNING - Drowsiness detected! EAR: 0.197
2025-06-17 22:26:52,290 - WARNING - Drowsiness detected! EAR: 0.194
2025-06-17 22:26:52,316 - WARNING - Drowsiness detected! EAR: 0.193
2025-06-17 22:26:52,364 - WARNING - Drowsiness detected! EAR: 0.195
2025-06-17 22:26:52,404 - WARNING - Drowsiness detected! EAR: 0.196
2025-06-17 22:26:52,440 - WARNING - Drowsiness detected! EAR: 0.195
2025-06-17 22:26:52,476 - WARNING - Drowsiness detected! EAR: 0.193
2025-06-17 22:26:52,504 - WARNING - Drowsiness detected! EAR: 0.191
2025-06-17 22:26:52,538 - WARNING - Drowsiness detected! EAR: 0.187
2025-06-17 22:26:52,570 - WARNING - Drowsiness detected! EAR: 0.181
2025-06-17 22:26:52,608 - WARNING - Drowsiness detected! EAR: 0.176
2025-06-17 22:26:52,637 - WARNING - Drowsiness detected! EAR: 0.170
2025-06-17 22:26:52,683 - WARNING - Drowsiness detected! EAR: 0.166
2025-06-17 22:26:52,741 - WARNING - Drowsiness detected! EAR: 0.159
2025-06-17 22:26:52,782 - WARNING - Drowsiness detected! EAR: 0.152
2025-06-17 22:26:52,823 - WARNING - Drowsiness detected! EAR: 0.145
2025-06-17 22:26:52,862 - WARNING - Drowsiness detected! EAR: 0.143
2025-06-17 22:26:52,909 - WARNING - Drowsiness detected! EAR: 0.140
2025-06-17 22:26:52,959 - WARNING - Drowsiness detected! EAR: 0.141
2025-06-17 22:26:52,971 - INFO - System interrupted by user
2025-06-17 22:26:53,332 - INFO - System shutdown complete
2025-06-17 22:29:32,157 - INFO - Drowsiness Detection System initialized
2025-06-17 22:29:32,157 - INFO - Starting drowsiness detection system...
2025-06-17 22:29:32,881 - INFO - Facial landmark predictor initialized
2025-06-17 22:29:37,802 - INFO - Camera initialized successfully
2025-06-17 22:29:39,541 - WARNING - Drowsiness detected! EAR: 0.157
2025-06-17 22:29:39,588 - WARNING - Drowsiness detected! EAR: 0.158
2025-06-17 22:29:39,627 - WARNING - Drowsiness detected! EAR: 0.155
2025-06-17 22:29:39,679 - WARNING - Drowsiness detected! EAR: 0.152
2025-06-17 22:29:39,726 - WARNING - Drowsiness detected! EAR: 0.150
2025-06-17 22:29:39,755 - WARNING - Drowsiness detected! EAR: 0.148
2025-06-17 22:29:39,799 - WARNING - Drowsiness detected! EAR: 0.146
2025-06-17 22:29:39,841 - WARNING - Drowsiness detected! EAR: 0.143
2025-06-17 22:29:39,883 - WARNING - Drowsiness detected! EAR: 0.143
2025-06-17 22:29:39,931 - WARNING - Drowsiness detected! EAR: 0.142
2025-06-17 22:29:39,972 - WARNING - Drowsiness detected! EAR: 0.141
2025-06-17 22:29:40,018 - WARNING - Drowsiness detected! EAR: 0.139
2025-06-17 22:29:40,060 - WARNING - Drowsiness detected! EAR: 0.141
2025-06-17 22:29:40,110 - WARNING - Drowsiness detected! EAR: 0.141
2025-06-17 22:29:40,154 - WARNING - Drowsiness detected! EAR: 0.142
2025-06-17 22:29:40,199 - WARNING - Drowsiness detected! EAR: 0.144
2025-06-17 22:29:40,254 - WARNING - Drowsiness detected! EAR: 0.144
2025-06-17 22:29:40,298 - WARNING - Drowsiness detected! EAR: 0.144
2025-06-17 22:29:40,331 - WARNING - Drowsiness detected! EAR: 0.148
2025-06-17 22:29:40,377 - WARNING - Drowsiness detected! EAR: 0.150
2025-06-17 22:29:40,422 - WARNING - Drowsiness detected! EAR: 0.153
2025-06-17 22:29:40,473 - WARNING - Drowsiness detected! EAR: 0.155
2025-06-17 22:29:40,519 - WARNING - Drowsiness detected! EAR: 0.158
2025-06-17 22:29:40,562 - WARNING - Drowsiness detected! EAR: 0.160
2025-06-17 22:29:40,607 - WARNING - Drowsiness detected! EAR: 0.163
2025-06-17 22:29:40,656 - WARNING - Drowsiness detected! EAR: 0.161
2025-06-17 22:29:40,705 - WARNING - Drowsiness detected! EAR: 0.163
2025-06-17 22:29:40,749 - WARNING - Drowsiness detected! EAR: 0.163
2025-06-17 22:29:40,800 - WARNING - Drowsiness detected! EAR: 0.160
2025-06-17 22:29:40,842 - WARNING - Drowsiness detected! EAR: 0.158
2025-06-17 22:29:40,894 - WARNING - Drowsiness detected! EAR: 0.153
2025-06-17 22:29:40,939 - WARNING - Drowsiness detected! EAR: 0.151
2025-06-17 22:29:40,979 - WARNING - Drowsiness detected! EAR: 0.148
2025-06-17 22:29:41,019 - WARNING - Drowsiness detected! EAR: 0.144
2025-06-17 22:29:41,059 - WARNING - Drowsiness detected! EAR: 0.138
2025-06-17 22:29:41,111 - WARNING - Drowsiness detected! EAR: 0.136
2025-06-17 22:29:41,147 - WARNING - Drowsiness detected! EAR: 0.131
2025-06-17 22:29:41,183 - WARNING - Drowsiness detected! EAR: 0.129
2025-06-17 22:29:41,225 - WARNING - Drowsiness detected! EAR: 0.127
2025-06-17 22:29:41,256 - WARNING - Drowsiness detected! EAR: 0.125
2025-06-17 22:29:41,286 - WARNING - Drowsiness detected! EAR: 0.123
2025-06-17 22:29:41,329 - WARNING - Drowsiness detected! EAR: 0.116
2025-06-17 22:29:41,362 - WARNING - Drowsiness detected! EAR: 0.114
2025-06-17 22:29:41,405 - WARNING - Drowsiness detected! EAR: 0.113
2025-06-17 22:29:41,446 - WARNING - Drowsiness detected! EAR: 0.112
2025-06-17 22:29:41,491 - WARNING - Drowsiness detected! EAR: 0.111
2025-06-17 22:29:41,535 - WARNING - Drowsiness detected! EAR: 0.112
2025-06-17 22:29:41,577 - WARNING - Drowsiness detected! EAR: 0.112
2025-06-17 22:29:41,624 - WARNING - Drowsiness detected! EAR: 0.113
2025-06-17 22:29:41,682 - WARNING - Drowsiness detected! EAR: 0.115
2025-06-17 22:29:41,724 - WARNING - Drowsiness detected! EAR: 0.121
2025-06-17 22:29:41,763 - WARNING - Drowsiness detected! EAR: 0.127
2025-06-17 22:29:41,803 - WARNING - Drowsiness detected! EAR: 0.128
2025-06-17 22:29:41,850 - WARNING - Drowsiness detected! EAR: 0.129
2025-06-17 22:29:41,887 - WARNING - Drowsiness detected! EAR: 0.132
2025-06-17 22:29:41,933 - WARNING - Drowsiness detected! EAR: 0.132
2025-06-17 22:29:41,973 - WARNING - Drowsiness detected! EAR: 0.135
2025-06-17 22:29:42,009 - WARNING - Drowsiness detected! EAR: 0.134
2025-06-17 22:29:42,045 - WARNING - Drowsiness detected! EAR: 0.135
2025-06-17 22:29:42,085 - WARNING - Drowsiness detected! EAR: 0.134
2025-06-17 22:29:42,141 - WARNING - Drowsiness detected! EAR: 0.132
2025-06-17 22:29:42,192 - WARNING - Drowsiness detected! EAR: 0.132
2025-06-17 22:29:42,226 - WARNING - Drowsiness detected! EAR: 0.133
2025-06-17 22:29:42,262 - WARNING - Drowsiness detected! EAR: 0.135
2025-06-17 22:29:42,306 - WARNING - Drowsiness detected! EAR: 0.135
2025-06-17 22:29:42,347 - WARNING - Drowsiness detected! EAR: 0.138
2025-06-17 22:29:42,375 - WARNING - Drowsiness detected! EAR: 0.138
2025-06-17 22:29:42,413 - WARNING - Drowsiness detected! EAR: 0.142
2025-06-17 22:29:42,457 - WARNING - Drowsiness detected! EAR: 0.154
2025-06-17 22:29:42,507 - WARNING - Drowsiness detected! EAR: 0.167
2025-06-17 22:29:42,557 - WARNING - Drowsiness detected! EAR: 0.180
2025-06-17 22:29:42,594 - WARNING - Drowsiness detected! EAR: 0.193
2025-06-17 22:29:42,642 - WARNING - Drowsiness detected! EAR: 0.208
2025-06-17 22:29:42,677 - WARNING - Drowsiness detected! EAR: 0.224
2025-06-17 22:29:42,724 - WARNING - Drowsiness detected! EAR: 0.240
2025-06-17 22:29:45,167 - WARNING - Drowsiness detected! EAR: 0.104
2025-06-17 22:29:45,217 - WARNING - Drowsiness detected! EAR: 0.105
2025-06-17 22:29:45,260 - WARNING - Drowsiness detected! EAR: 0.106
2025-06-17 22:29:45,316 - WARNING - Drowsiness detected! EAR: 0.109
2025-06-17 22:29:45,351 - WARNING - Drowsiness detected! EAR: 0.109
2025-06-17 22:29:45,402 - WARNING - Drowsiness detected! EAR: 0.113
2025-06-17 22:29:45,455 - WARNING - Drowsiness detected! EAR: 0.117
2025-06-17 22:29:45,500 - WARNING - Drowsiness detected! EAR: 0.121
2025-06-17 22:29:45,549 - WARNING - Drowsiness detected! EAR: 0.118
2025-06-17 22:29:45,600 - WARNING - Drowsiness detected! EAR: 0.120
2025-06-17 22:29:45,644 - WARNING - Drowsiness detected! EAR: 0.117
2025-06-17 22:29:45,690 - WARNING - Drowsiness detected! EAR: 0.115
2025-06-17 22:29:45,735 - WARNING - Drowsiness detected! EAR: 0.116
2025-06-17 22:29:45,773 - WARNING - Drowsiness detected! EAR: 0.111
2025-06-17 22:29:45,813 - WARNING - Drowsiness detected! EAR: 0.110
2025-06-17 22:29:45,846 - WARNING - Drowsiness detected! EAR: 0.103
2025-06-17 22:29:45,880 - WARNING - Drowsiness detected! EAR: 0.101
2025-06-17 22:29:45,918 - WARNING - Drowsiness detected! EAR: 0.098
2025-06-17 22:29:45,959 - WARNING - Drowsiness detected! EAR: 0.103
2025-06-17 22:29:46,007 - WARNING - Drowsiness detected! EAR: 0.100
2025-06-17 22:29:46,055 - WARNING - Drowsiness detected! EAR: 0.102
2025-06-17 22:29:46,093 - WARNING - Drowsiness detected! EAR: 0.103
2025-06-17 22:29:46,164 - WARNING - Drowsiness detected! EAR: 0.100
2025-06-17 22:29:46,216 - WARNING - Drowsiness detected! EAR: 0.104
2025-06-17 22:29:46,254 - WARNING - Drowsiness detected! EAR: 0.114
2025-06-17 22:29:46,315 - WARNING - Drowsiness detected! EAR: 0.118
2025-06-17 22:29:46,363 - WARNING - Drowsiness detected! EAR: 0.117
2025-06-17 22:29:46,403 - WARNING - Drowsiness detected! EAR: 0.114
2025-06-17 22:29:46,440 - WARNING - Drowsiness detected! EAR: 0.114
2025-06-17 22:29:46,472 - WARNING - Drowsiness detected! EAR: 0.116
2025-06-17 22:29:46,513 - WARNING - Drowsiness detected! EAR: 0.118
2025-06-17 22:29:46,546 - WARNING - Drowsiness detected! EAR: 0.123
2025-06-17 22:29:46,595 - WARNING - Drowsiness detected! EAR: 0.131
2025-06-17 22:29:46,634 - WARNING - Drowsiness detected! EAR: 0.138
2025-06-17 22:29:46,678 - WARNING - Drowsiness detected! EAR: 0.134
2025-06-17 22:29:46,716 - WARNING - Drowsiness detected! EAR: 0.137
2025-06-17 22:29:46,752 - WARNING - Drowsiness detected! EAR: 0.143
2025-06-17 22:29:46,795 - WARNING - Drowsiness detected! EAR: 0.150
2025-06-17 22:29:46,840 - WARNING - Drowsiness detected! EAR: 0.156
2025-06-17 22:29:46,885 - WARNING - Drowsiness detected! EAR: 0.164
2025-06-17 22:29:46,930 - WARNING - Drowsiness detected! EAR: 0.167
2025-06-17 22:29:46,968 - WARNING - Drowsiness detected! EAR: 0.171
2025-06-17 22:29:47,009 - WARNING - Drowsiness detected! EAR: 0.172
2025-06-17 22:29:47,074 - WARNING - Drowsiness detected! EAR: 0.172
2025-06-17 22:29:47,109 - WARNING - Drowsiness detected! EAR: 0.176
2025-06-17 22:29:47,144 - WARNING - Drowsiness detected! EAR: 0.178
2025-06-17 22:29:47,192 - WARNING - Drowsiness detected! EAR: 0.177
2025-06-17 22:29:47,242 - WARNING - Drowsiness detected! EAR: 0.175
2025-06-17 22:29:47,296 - WARNING - Drowsiness detected! EAR: 0.169
2025-06-17 22:29:47,325 - WARNING - Drowsiness detected! EAR: 0.165
2025-06-17 22:29:47,362 - WARNING - Drowsiness detected! EAR: 0.170
2025-06-17 22:29:47,408 - WARNING - Drowsiness detected! EAR: 0.172
2025-06-17 22:29:47,453 - WARNING - Drowsiness detected! EAR: 0.181
2025-06-17 22:29:47,494 - WARNING - Drowsiness detected! EAR: 0.189
2025-06-17 22:29:47,532 - WARNING - Drowsiness detected! EAR: 0.203
2025-06-17 22:29:47,569 - WARNING - Drowsiness detected! EAR: 0.223
2025-06-17 22:29:47,611 - WARNING - Drowsiness detected! EAR: 0.242
2025-06-17 22:29:51,021 - WARNING - Drowsiness detected! EAR: 0.121
2025-06-17 22:29:51,054 - WARNING - Drowsiness detected! EAR: 0.133
2025-06-17 22:29:51,093 - WARNING - Drowsiness detected! EAR: 0.145
2025-06-17 22:29:51,128 - WARNING - Drowsiness detected! EAR: 0.159
2025-06-17 22:29:51,175 - WARNING - Drowsiness detected! EAR: 0.177
2025-06-17 22:29:51,212 - WARNING - Drowsiness detected! EAR: 0.196
2025-06-17 22:29:51,254 - WARNING - Drowsiness detected! EAR: 0.217
2025-06-17 22:29:51,301 - WARNING - Drowsiness detected! EAR: 0.236
2025-06-17 22:29:56,418 - WARNING - Drowsiness detected! EAR: 0.124
2025-06-17 22:29:56,454 - WARNING - Drowsiness detected! EAR: 0.120
2025-06-17 22:29:56,497 - WARNING - Drowsiness detected! EAR: 0.117
2025-06-17 22:29:56,537 - WARNING - Drowsiness detected! EAR: 0.112
2025-06-17 22:29:56,593 - WARNING - Drowsiness detected! EAR: 0.106
2025-06-17 22:29:56,632 - WARNING - Drowsiness detected! EAR: 0.101
2025-06-17 22:29:56,681 - WARNING - Drowsiness detected! EAR: 0.098
2025-06-17 22:29:56,728 - WARNING - Drowsiness detected! EAR: 0.097
2025-06-17 22:29:56,774 - WARNING - Drowsiness detected! EAR: 0.097
2025-06-17 22:29:56,807 - WARNING - Drowsiness detected! EAR: 0.095
2025-06-17 22:29:56,843 - WARNING - Drowsiness detected! EAR: 0.098
2025-06-17 22:29:56,877 - WARNING - Drowsiness detected! EAR: 0.104
2025-06-17 22:29:56,918 - WARNING - Drowsiness detected! EAR: 0.111
2025-06-17 22:29:56,968 - WARNING - Drowsiness detected! EAR: 0.113
2025-06-17 22:29:57,012 - WARNING - Drowsiness detected! EAR: 0.115
2025-06-17 22:29:57,048 - WARNING - Drowsiness detected! EAR: 0.116
2025-06-17 22:29:57,096 - WARNING - Drowsiness detected! EAR: 0.118
2025-06-17 22:29:57,138 - WARNING - Drowsiness detected! EAR: 0.120
2025-06-17 22:29:57,187 - WARNING - Drowsiness detected! EAR: 0.119
2025-06-17 22:29:57,224 - WARNING - Drowsiness detected! EAR: 0.121
2025-06-17 22:29:57,278 - WARNING - Drowsiness detected! EAR: 0.124
2025-06-17 22:29:57,320 - WARNING - Drowsiness detected! EAR: 0.125
2025-06-17 22:29:57,360 - WARNING - Drowsiness detected! EAR: 0.124
2025-06-17 22:29:57,392 - WARNING - Drowsiness detected! EAR: 0.134
2025-06-17 22:29:57,425 - WARNING - Drowsiness detected! EAR: 0.140
2025-06-17 22:29:57,455 - WARNING - Drowsiness detected! EAR: 0.145
2025-06-17 22:29:59,335 - WARNING - Drowsiness detected! EAR: 0.172
2025-06-17 22:29:59,369 - WARNING - Drowsiness detected! EAR: 0.172
2025-06-17 22:29:59,405 - WARNING - Drowsiness detected! EAR: 0.171
2025-06-17 22:29:59,439 - WARNING - Drowsiness detected! EAR: 0.168
2025-06-17 22:29:59,474 - WARNING - Drowsiness detected! EAR: 0.166
2025-06-17 22:29:59,509 - WARNING - Drowsiness detected! EAR: 0.165
2025-06-17 22:29:59,547 - WARNING - Drowsiness detected! EAR: 0.164
2025-06-17 22:29:59,578 - WARNING - Drowsiness detected! EAR: 0.165
2025-06-17 22:29:59,614 - WARNING - Drowsiness detected! EAR: 0.163
2025-06-17 22:29:59,644 - WARNING - Drowsiness detected! EAR: 0.163
2025-06-17 22:29:59,685 - WARNING - Drowsiness detected! EAR: 0.163
2025-06-17 22:29:59,731 - WARNING - Drowsiness detected! EAR: 0.163
2025-06-17 22:29:59,778 - WARNING - Drowsiness detected! EAR: 0.165
2025-06-17 22:29:59,817 - WARNING - Drowsiness detected! EAR: 0.174
2025-06-17 22:29:59,855 - WARNING - Drowsiness detected! EAR: 0.183
2025-06-17 22:29:59,885 - WARNING - Drowsiness detected! EAR: 0.191
2025-06-17 22:29:59,925 - WARNING - Drowsiness detected! EAR: 0.199
2025-06-17 22:29:59,960 - WARNING - Drowsiness detected! EAR: 0.209
2025-06-17 22:30:00,004 - WARNING - Drowsiness detected! EAR: 0.219
2025-06-17 22:30:00,044 - WARNING - Drowsiness detected! EAR: 0.231
2025-06-17 22:30:00,079 - WARNING - Drowsiness detected! EAR: 0.242
2025-06-17 22:30:03,094 - WARNING - Drowsiness detected! EAR: 0.205
2025-06-17 22:30:03,135 - WARNING - Drowsiness detected! EAR: 0.202
2025-06-17 22:30:03,172 - WARNING - Drowsiness detected! EAR: 0.201
2025-06-17 22:30:03,212 - WARNING - Drowsiness detected! EAR: 0.200
2025-06-17 22:30:03,248 - WARNING - Drowsiness detected! EAR: 0.193
2025-06-17 22:30:03,293 - WARNING - Drowsiness detected! EAR: 0.190
2025-06-17 22:30:03,339 - WARNING - Drowsiness detected! EAR: 0.189
2025-06-17 22:30:03,372 - WARNING - Drowsiness detected! EAR: 0.187
2025-06-17 22:30:03,404 - WARNING - Drowsiness detected! EAR: 0.186
2025-06-17 22:30:03,439 - WARNING - Drowsiness detected! EAR: 0.186
2025-06-17 22:30:03,476 - WARNING - Drowsiness detected! EAR: 0.186
2025-06-17 22:30:03,520 - WARNING - Drowsiness detected! EAR: 0.189
2025-06-17 22:30:03,558 - WARNING - Drowsiness detected! EAR: 0.192
2025-06-17 22:30:03,615 - WARNING - Drowsiness detected! EAR: 0.194
2025-06-17 22:30:03,644 - WARNING - Drowsiness detected! EAR: 0.198
2025-06-17 22:30:03,677 - WARNING - Drowsiness detected! EAR: 0.203
2025-06-17 22:30:03,723 - WARNING - Drowsiness detected! EAR: 0.205
2025-06-17 22:30:03,754 - WARNING - Drowsiness detected! EAR: 0.209
2025-06-17 22:30:03,800 - WARNING - Drowsiness detected! EAR: 0.212
2025-06-17 22:30:03,854 - WARNING - Drowsiness detected! EAR: 0.215
2025-06-17 22:30:03,893 - WARNING - Drowsiness detected! EAR: 0.216
2025-06-17 22:30:03,932 - WARNING - Drowsiness detected! EAR: 0.216
2025-06-17 22:30:04,277 - WARNING - Drowsiness detected! EAR: 0.218
2025-06-17 22:30:04,355 - WARNING - Drowsiness detected! EAR: 0.219
2025-06-17 22:30:04,408 - WARNING - Drowsiness detected! EAR: 0.220
2025-06-17 22:30:04,451 - WARNING - Drowsiness detected! EAR: 0.220
2025-06-17 22:30:04,495 - WARNING - Drowsiness detected! EAR: 0.222
2025-06-17 22:30:04,544 - WARNING - Drowsiness detected! EAR: 0.223
2025-06-17 22:30:04,587 - WARNING - Drowsiness detected! EAR: 0.223
2025-06-17 22:30:04,622 - WARNING - Drowsiness detected! EAR: 0.227
2025-06-17 22:30:04,665 - WARNING - Drowsiness detected! EAR: 0.229
2025-06-17 22:30:04,721 - WARNING - Drowsiness detected! EAR: 0.231
2025-06-17 22:30:04,768 - WARNING - Drowsiness detected! EAR: 0.231
2025-06-17 22:30:04,808 - WARNING - Drowsiness detected! EAR: 0.235
2025-06-17 22:30:04,844 - WARNING - Drowsiness detected! EAR: 0.237
2025-06-17 22:30:04,885 - WARNING - Drowsiness detected! EAR: 0.238
2025-06-17 22:30:04,918 - WARNING - Drowsiness detected! EAR: 0.242
2025-06-17 22:30:04,961 - WARNING - Drowsiness detected! EAR: 0.245
2025-06-17 22:30:05,011 - WARNING - Drowsiness detected! EAR: 0.247
2025-06-17 22:30:05,043 - WARNING - Drowsiness detected! EAR: 0.247
2025-06-17 22:30:05,079 - WARNING - Drowsiness detected! EAR: 0.250
2025-06-17 22:30:06,748 - WARNING - Drowsiness detected! EAR: 0.204
2025-06-17 22:30:06,785 - WARNING - Drowsiness detected! EAR: 0.204
2025-06-17 22:30:06,824 - WARNING - Drowsiness detected! EAR: 0.204
2025-06-17 22:30:06,859 - WARNING - Drowsiness detected! EAR: 0.207
2025-06-17 22:30:06,893 - WARNING - Drowsiness detected! EAR: 0.208
2025-06-17 22:30:06,937 - WARNING - Drowsiness detected! EAR: 0.208
2025-06-17 22:30:06,979 - WARNING - Drowsiness detected! EAR: 0.209
2025-06-17 22:30:07,032 - WARNING - Drowsiness detected! EAR: 0.205
2025-06-17 22:30:07,067 - WARNING - Drowsiness detected! EAR: 0.201
2025-06-17 22:30:07,114 - WARNING - Drowsiness detected! EAR: 0.195
2025-06-17 22:30:07,155 - WARNING - Drowsiness detected! EAR: 0.186
2025-06-17 22:30:07,195 - WARNING - Drowsiness detected! EAR: 0.180
2025-06-17 22:30:07,254 - WARNING - Drowsiness detected! EAR: 0.173
2025-06-17 22:30:07,294 - WARNING - Drowsiness detected! EAR: 0.163
2025-06-17 22:30:07,346 - WARNING - Drowsiness detected! EAR: 0.156
2025-06-17 22:30:07,398 - WARNING - Drowsiness detected! EAR: 0.149
2025-06-17 22:30:07,451 - WARNING - Drowsiness detected! EAR: 0.140
2025-06-17 22:30:07,491 - INFO - System interrupted by user
2025-06-17 22:30:07,892 - INFO - System shutdown complete
